[0.525s] DEBUG:colcon:Command line arguments: ['/usr/bin/colcon', 'build', '--symlink-install']
[0.525s] DEBUG:colcon:Parsed command line arguments: Namespace(log_base=None, log_level=None, verb_name='build', build_base='build', install_base='install', merge_install=False, symlink_install=True, test_result_base=None, continue_on_error=False, executor='parallel', parallel_workers=12, event_handlers=None, ignore_user_meta=False, metas=['./colcon.meta'], base_paths=['.'], packages_ignore=None, packages_ignore_regex=None, paths=None, packages_up_to=None, packages_up_to_regex=None, packages_above=None, packages_above_and_dependencies=None, packages_above_depth=None, packages_select_by_dep=None, packages_skip_by_dep=None, packages_skip_up_to=None, packages_select_build_failed=False, packages_skip_build_finished=False, packages_select_test_failures=False, packages_skip_test_passed=False, packages_select=None, packages_skip=None, packages_select_regex=None, packages_skip_regex=None, packages_start=None, packages_end=None, allow_overriding=[], cmake_args=None, cmake_target=None, cmake_target_skip_unavailable=False, cmake_clean_cache=False, cmake_clean_first=False, cmake_force_configure=False, ament_cmake_args=None, catkin_cmake_args=None, catkin_skip_building_tests=False, mixin_files=None, mixin=None, verb_parser=<colcon_mixin.mixin.mixin_argument.MixinArgumentDecorator object at 0x7f1d9d6fbda0>, verb_extension=<colcon_core.verb.build.BuildVerb object at 0x7f1d9d882f30>, main=<bound method BuildVerb.main of <colcon_core.verb.build.BuildVerb object at 0x7f1d9d882f30>>, mixin_verb=('build',))
[0.611s] Level 1:colcon.colcon_core.package_discovery:discover_packages(colcon_meta) check parameters
[0.611s] Level 1:colcon.colcon_core.package_discovery:discover_packages(recursive) check parameters
[0.611s] Level 1:colcon.colcon_core.package_discovery:discover_packages(ignore) check parameters
[0.611s] Level 1:colcon.colcon_core.package_discovery:discover_packages(path) check parameters
[0.611s] Level 1:colcon.colcon_core.package_discovery:discover_packages(colcon_meta) discover
[0.611s] Level 1:colcon.colcon_core.package_discovery:discover_packages(recursive) discover
[0.611s] INFO:colcon.colcon_core.package_discovery:Crawling recursively for packages in '/home/user/labroom-searching/ros_ws'
[0.611s] Level 1:colcon.colcon_core.package_identification:_identify(.) by extensions ['ignore', 'ignore_ament_install']
[0.612s] Level 1:colcon.colcon_core.package_identification:_identify(.) by extension 'ignore'
[0.612s] Level 1:colcon.colcon_core.package_identification:_identify(.) by extension 'ignore_ament_install'
[0.612s] Level 1:colcon.colcon_core.package_identification:_identify(.) by extensions ['colcon_pkg']
[0.612s] Level 1:colcon.colcon_core.package_identification:_identify(.) by extension 'colcon_pkg'
[0.612s] Level 1:colcon.colcon_core.package_identification:_identify(.) by extensions ['colcon_meta']
[0.612s] Level 1:colcon.colcon_core.package_identification:_identify(.) by extension 'colcon_meta'
[0.612s] Level 1:colcon.colcon_core.package_identification:_identify(.) by extensions ['ros']
[0.612s] Level 1:colcon.colcon_core.package_identification:_identify(.) by extension 'ros'
[0.653s] Level 1:colcon.colcon_core.package_identification:_identify(.) by extensions ['cmake', 'python']
[0.653s] Level 1:colcon.colcon_core.package_identification:_identify(.) by extension 'cmake'
[0.653s] Level 1:colcon.colcon_core.package_identification:_identify(.) by extension 'python'
[0.653s] Level 1:colcon.colcon_core.package_identification:_identify(.) by extensions ['python_setup_py']
[0.653s] Level 1:colcon.colcon_core.package_identification:_identify(.) by extension 'python_setup_py'
[0.653s] Level 1:colcon.colcon_core.package_identification:_identify(build) by extensions ['ignore', 'ignore_ament_install']
[0.653s] Level 1:colcon.colcon_core.package_identification:_identify(build) by extension 'ignore'
[0.653s] Level 1:colcon.colcon_core.package_identification:_identify(build) ignored
[0.653s] Level 1:colcon.colcon_core.package_identification:_identify(install) by extensions ['ignore', 'ignore_ament_install']
[0.653s] Level 1:colcon.colcon_core.package_identification:_identify(install) by extension 'ignore'
[0.653s] Level 1:colcon.colcon_core.package_identification:_identify(install) ignored
[0.654s] Level 1:colcon.colcon_core.package_identification:_identify(log) by extensions ['ignore', 'ignore_ament_install']
[0.654s] Level 1:colcon.colcon_core.package_identification:_identify(log) by extension 'ignore'
[0.654s] Level 1:colcon.colcon_core.package_identification:_identify(log) ignored
[0.654s] Level 1:colcon.colcon_core.package_identification:_identify(src) by extensions ['ignore', 'ignore_ament_install']
[0.654s] Level 1:colcon.colcon_core.package_identification:_identify(src) by extension 'ignore'
[0.654s] Level 1:colcon.colcon_core.package_identification:_identify(src) by extension 'ignore_ament_install'
[0.654s] Level 1:colcon.colcon_core.package_identification:_identify(src) by extensions ['colcon_pkg']
[0.654s] Level 1:colcon.colcon_core.package_identification:_identify(src) by extension 'colcon_pkg'
[0.655s] Level 1:colcon.colcon_core.package_identification:_identify(src) by extensions ['colcon_meta']
[0.655s] Level 1:colcon.colcon_core.package_identification:_identify(src) by extension 'colcon_meta'
[0.655s] Level 1:colcon.colcon_core.package_identification:_identify(src) by extensions ['ros']
[0.655s] Level 1:colcon.colcon_core.package_identification:_identify(src) by extension 'ros'
[0.655s] Level 1:colcon.colcon_core.package_identification:_identify(src) by extensions ['cmake', 'python']
[0.655s] Level 1:colcon.colcon_core.package_identification:_identify(src) by extension 'cmake'
[0.655s] Level 1:colcon.colcon_core.package_identification:_identify(src) by extension 'python'
[0.655s] Level 1:colcon.colcon_core.package_identification:_identify(src) by extensions ['python_setup_py']
[0.655s] Level 1:colcon.colcon_core.package_identification:_identify(src) by extension 'python_setup_py'
[0.655s] Level 1:colcon.colcon_core.package_identification:_identify(src/lidar) by extensions ['ignore', 'ignore_ament_install']
[0.655s] Level 1:colcon.colcon_core.package_identification:_identify(src/lidar) by extension 'ignore'
[0.655s] Level 1:colcon.colcon_core.package_identification:_identify(src/lidar) by extension 'ignore_ament_install'
[0.655s] Level 1:colcon.colcon_core.package_identification:_identify(src/lidar) by extensions ['colcon_pkg']
[0.655s] Level 1:colcon.colcon_core.package_identification:_identify(src/lidar) by extension 'colcon_pkg'
[0.656s] Level 1:colcon.colcon_core.package_identification:_identify(src/lidar) by extensions ['colcon_meta']
[0.656s] Level 1:colcon.colcon_core.package_identification:_identify(src/lidar) by extension 'colcon_meta'
[0.656s] Level 1:colcon.colcon_core.package_identification:_identify(src/lidar) by extensions ['ros']
[0.656s] Level 1:colcon.colcon_core.package_identification:_identify(src/lidar) by extension 'ros'
[0.660s] DEBUG:colcon.colcon_core.package_identification:Package 'src/lidar' with type 'ros.ament_cmake' and name 'lidar'
[0.660s] Level 1:colcon.colcon_core.package_identification:_identify(src/urg_node2) by extensions ['ignore', 'ignore_ament_install']
[0.660s] Level 1:colcon.colcon_core.package_identification:_identify(src/urg_node2) by extension 'ignore'
[0.660s] Level 1:colcon.colcon_core.package_identification:_identify(src/urg_node2) by extension 'ignore_ament_install'
[0.660s] Level 1:colcon.colcon_core.package_identification:_identify(src/urg_node2) by extensions ['colcon_pkg']
[0.660s] Level 1:colcon.colcon_core.package_identification:_identify(src/urg_node2) by extension 'colcon_pkg'
[0.660s] Level 1:colcon.colcon_core.package_identification:_identify(src/urg_node2) by extensions ['colcon_meta']
[0.660s] Level 1:colcon.colcon_core.package_identification:_identify(src/urg_node2) by extension 'colcon_meta'
[0.660s] Level 1:colcon.colcon_core.package_identification:_identify(src/urg_node2) by extensions ['ros']
[0.660s] Level 1:colcon.colcon_core.package_identification:_identify(src/urg_node2) by extension 'ros'
[0.661s] DEBUG:colcon.colcon_core.package_identification:Package 'src/urg_node2' with type 'ros.ament_cmake' and name 'urg_node2'
[0.662s] Level 1:colcon.colcon_core.package_identification:_identify(src/wheel_driver) by extensions ['ignore', 'ignore_ament_install']
[0.662s] Level 1:colcon.colcon_core.package_identification:_identify(src/wheel_driver) by extension 'ignore'
[0.662s] Level 1:colcon.colcon_core.package_identification:_identify(src/wheel_driver) by extension 'ignore_ament_install'
[0.662s] Level 1:colcon.colcon_core.package_identification:_identify(src/wheel_driver) by extensions ['colcon_pkg']
[0.662s] Level 1:colcon.colcon_core.package_identification:_identify(src/wheel_driver) by extension 'colcon_pkg'
[0.662s] Level 1:colcon.colcon_core.package_identification:_identify(src/wheel_driver) by extensions ['colcon_meta']
[0.662s] Level 1:colcon.colcon_core.package_identification:_identify(src/wheel_driver) by extension 'colcon_meta'
[0.662s] Level 1:colcon.colcon_core.package_identification:_identify(src/wheel_driver) by extensions ['ros']
[0.662s] Level 1:colcon.colcon_core.package_identification:_identify(src/wheel_driver) by extension 'ros'
[0.663s] DEBUG:colcon.colcon_core.package_identification:Package 'src/wheel_driver' with type 'ros.ament_cmake' and name 'wheel_driver'
[0.663s] Level 1:colcon.colcon_core.package_discovery:discover_packages(recursive) using defaults
[0.663s] Level 1:colcon.colcon_core.package_discovery:discover_packages(ignore) discover
[0.663s] Level 1:colcon.colcon_core.package_discovery:discover_packages(ignore) using defaults
[0.663s] Level 1:colcon.colcon_core.package_discovery:discover_packages(path) discover
[0.663s] Level 1:colcon.colcon_core.package_discovery:discover_packages(path) using defaults
[0.702s] Level 1:colcon.colcon_core.package_discovery:discover_packages(prefix_path) check parameters
[0.702s] Level 1:colcon.colcon_core.package_discovery:discover_packages(prefix_path) discover
[0.708s] DEBUG:colcon.colcon_installed_package_information.package_discovery:Found 2 installed packages in /home/user/ros2_studies_ws/install
[0.712s] DEBUG:colcon.colcon_installed_package_information.package_discovery:Found 286 installed packages in /opt/ros/jazzy
[0.713s] Level 1:colcon.colcon_core.package_discovery:discover_packages(prefix_path) using defaults
[0.830s] Level 5:colcon.colcon_core.verb:set package 'lidar' build argument 'cmake_args' from command line to 'None'
[0.830s] Level 5:colcon.colcon_core.verb:set package 'lidar' build argument 'cmake_target' from command line to 'None'
[0.830s] Level 5:colcon.colcon_core.verb:set package 'lidar' build argument 'cmake_target_skip_unavailable' from command line to 'False'
[0.830s] Level 5:colcon.colcon_core.verb:set package 'lidar' build argument 'cmake_clean_cache' from command line to 'False'
[0.830s] Level 5:colcon.colcon_core.verb:set package 'lidar' build argument 'cmake_clean_first' from command line to 'False'
[0.830s] Level 5:colcon.colcon_core.verb:set package 'lidar' build argument 'cmake_force_configure' from command line to 'False'
[0.830s] Level 5:colcon.colcon_core.verb:set package 'lidar' build argument 'ament_cmake_args' from command line to 'None'
[0.830s] Level 5:colcon.colcon_core.verb:set package 'lidar' build argument 'catkin_cmake_args' from command line to 'None'
[0.830s] Level 5:colcon.colcon_core.verb:set package 'lidar' build argument 'catkin_skip_building_tests' from command line to 'False'
[0.830s] DEBUG:colcon.colcon_core.verb:Building package 'lidar' with the following arguments: {'ament_cmake_args': None, 'build_base': '/home/user/labroom-searching/ros_ws/build/lidar', 'catkin_cmake_args': None, 'catkin_skip_building_tests': False, 'cmake_args': None, 'cmake_clean_cache': False, 'cmake_clean_first': False, 'cmake_force_configure': False, 'cmake_target': None, 'cmake_target_skip_unavailable': False, 'install_base': '/home/user/labroom-searching/ros_ws/install/lidar', 'merge_install': False, 'path': '/home/user/labroom-searching/ros_ws/src/lidar', 'symlink_install': True, 'test_result_base': None}
[0.831s] Level 5:colcon.colcon_core.verb:set package 'urg_node2' build argument 'cmake_args' from command line to 'None'
[0.831s] Level 5:colcon.colcon_core.verb:set package 'urg_node2' build argument 'cmake_target' from command line to 'None'
[0.831s] Level 5:colcon.colcon_core.verb:set package 'urg_node2' build argument 'cmake_target_skip_unavailable' from command line to 'False'
[0.831s] Level 5:colcon.colcon_core.verb:set package 'urg_node2' build argument 'cmake_clean_cache' from command line to 'False'
[0.831s] Level 5:colcon.colcon_core.verb:set package 'urg_node2' build argument 'cmake_clean_first' from command line to 'False'
[0.831s] Level 5:colcon.colcon_core.verb:set package 'urg_node2' build argument 'cmake_force_configure' from command line to 'False'
[0.831s] Level 5:colcon.colcon_core.verb:set package 'urg_node2' build argument 'ament_cmake_args' from command line to 'None'
[0.831s] Level 5:colcon.colcon_core.verb:set package 'urg_node2' build argument 'catkin_cmake_args' from command line to 'None'
[0.831s] Level 5:colcon.colcon_core.verb:set package 'urg_node2' build argument 'catkin_skip_building_tests' from command line to 'False'
[0.831s] DEBUG:colcon.colcon_core.verb:Building package 'urg_node2' with the following arguments: {'ament_cmake_args': None, 'build_base': '/home/user/labroom-searching/ros_ws/build/urg_node2', 'catkin_cmake_args': None, 'catkin_skip_building_tests': False, 'cmake_args': None, 'cmake_clean_cache': False, 'cmake_clean_first': False, 'cmake_force_configure': False, 'cmake_target': None, 'cmake_target_skip_unavailable': False, 'install_base': '/home/user/labroom-searching/ros_ws/install/urg_node2', 'merge_install': False, 'path': '/home/user/labroom-searching/ros_ws/src/urg_node2', 'symlink_install': True, 'test_result_base': None}
[0.831s] Level 5:colcon.colcon_core.verb:set package 'wheel_driver' build argument 'cmake_args' from command line to 'None'
[0.831s] Level 5:colcon.colcon_core.verb:set package 'wheel_driver' build argument 'cmake_target' from command line to 'None'
[0.831s] Level 5:colcon.colcon_core.verb:set package 'wheel_driver' build argument 'cmake_target_skip_unavailable' from command line to 'False'
[0.831s] Level 5:colcon.colcon_core.verb:set package 'wheel_driver' build argument 'cmake_clean_cache' from command line to 'False'
[0.831s] Level 5:colcon.colcon_core.verb:set package 'wheel_driver' build argument 'cmake_clean_first' from command line to 'False'
[0.831s] Level 5:colcon.colcon_core.verb:set package 'wheel_driver' build argument 'cmake_force_configure' from command line to 'False'
[0.831s] Level 5:colcon.colcon_core.verb:set package 'wheel_driver' build argument 'ament_cmake_args' from command line to 'None'
[0.831s] Level 5:colcon.colcon_core.verb:set package 'wheel_driver' build argument 'catkin_cmake_args' from command line to 'None'
[0.831s] Level 5:colcon.colcon_core.verb:set package 'wheel_driver' build argument 'catkin_skip_building_tests' from command line to 'False'
[0.831s] DEBUG:colcon.colcon_core.verb:Building package 'wheel_driver' with the following arguments: {'ament_cmake_args': None, 'build_base': '/home/user/labroom-searching/ros_ws/build/wheel_driver', 'catkin_cmake_args': None, 'catkin_skip_building_tests': False, 'cmake_args': None, 'cmake_clean_cache': False, 'cmake_clean_first': False, 'cmake_force_configure': False, 'cmake_target': None, 'cmake_target_skip_unavailable': False, 'install_base': '/home/user/labroom-searching/ros_ws/install/wheel_driver', 'merge_install': False, 'path': '/home/user/labroom-searching/ros_ws/src/wheel_driver', 'symlink_install': True, 'test_result_base': None}
[0.831s] INFO:colcon.colcon_core.executor:Executing jobs using 'parallel' executor
[0.833s] DEBUG:colcon.colcon_parallel_executor.executor.parallel:run_until_complete
[0.833s] INFO:colcon.colcon_ros.task.ament_cmake.build:Building ROS package in '/home/user/labroom-searching/ros_ws/src/lidar' with build type 'ament_cmake'
[0.834s] INFO:colcon.colcon_cmake.task.cmake.build:Building CMake package in '/home/user/labroom-searching/ros_ws/src/lidar'
[0.849s] INFO:colcon.colcon_core.plugin_system:Skipping extension 'colcon_core.shell.bat': Not used on non-Windows systems
[0.850s] INFO:colcon.colcon_core.shell:Skip shell extension 'powershell' for command environment: Not usable outside of PowerShell
[0.850s] DEBUG:colcon.colcon_core.shell:Skip shell extension 'dsv' for command environment
[0.857s] INFO:colcon.colcon_ros.task.ament_cmake.build:Building ROS package in '/home/user/labroom-searching/ros_ws/src/urg_node2' with build type 'ament_cmake'
[0.857s] INFO:colcon.colcon_cmake.task.cmake.build:Building CMake package in '/home/user/labroom-searching/ros_ws/src/urg_node2'
[0.858s] INFO:colcon.colcon_core.shell:Skip shell extension 'powershell' for command environment: Not usable outside of PowerShell
[0.858s] DEBUG:colcon.colcon_core.shell:Skip shell extension 'dsv' for command environment
[0.861s] INFO:colcon.colcon_ros.task.ament_cmake.build:Building ROS package in '/home/user/labroom-searching/ros_ws/src/wheel_driver' with build type 'ament_cmake'
[0.861s] INFO:colcon.colcon_cmake.task.cmake.build:Building CMake package in '/home/user/labroom-searching/ros_ws/src/wheel_driver'
[0.862s] INFO:colcon.colcon_core.shell:Skip shell extension 'powershell' for command environment: Not usable outside of PowerShell
[0.862s] DEBUG:colcon.colcon_core.shell:Skip shell extension 'dsv' for command environment
[0.868s] DEBUG:colcon.colcon_core.event_handler.log_command:Invoking command in '/home/user/labroom-searching/ros_ws/build/lidar': CMAKE_PREFIX_PATH=${CMAKE_PREFIX_PATH}:/opt/ros/jazzy DEBUGINFOD_URLS=https://debuginfod.ubuntu.com /usr/bin/cmake /home/user/labroom-searching/ros_ws/src/lidar -DAMENT_CMAKE_SYMLINK_INSTALL=1 -DCMAKE_INSTALL_PREFIX=/home/user/labroom-searching/ros_ws/install/lidar
[0.876s] DEBUG:colcon.colcon_core.event_handler.log_command:Invoking command in '/home/user/labroom-searching/ros_ws/build/urg_node2': CMAKE_PREFIX_PATH=${CMAKE_PREFIX_PATH}:/opt/ros/jazzy DEBUGINFOD_URLS=https://debuginfod.ubuntu.com /usr/bin/cmake /home/user/labroom-searching/ros_ws/src/urg_node2 -DAMENT_CMAKE_SYMLINK_INSTALL=1 -DCMAKE_INSTALL_PREFIX=/home/user/labroom-searching/ros_ws/install/urg_node2
[0.882s] DEBUG:colcon.colcon_core.event_handler.log_command:Invoking command in '/home/user/labroom-searching/ros_ws/build/wheel_driver': CMAKE_PREFIX_PATH=${CMAKE_PREFIX_PATH}:/opt/ros/jazzy DEBUGINFOD_URLS=https://debuginfod.ubuntu.com /usr/bin/cmake /home/user/labroom-searching/ros_ws/src/wheel_driver -DAMENT_CMAKE_SYMLINK_INSTALL=1 -DCMAKE_INSTALL_PREFIX=/home/user/labroom-searching/ros_ws/install/wheel_driver
[3.588s] DEBUG:colcon.colcon_core.event_handler.log_command:Invoked command in '/home/user/labroom-searching/ros_ws/build/wheel_driver' returned '0': CMAKE_PREFIX_PATH=${CMAKE_PREFIX_PATH}:/opt/ros/jazzy DEBUGINFOD_URLS=https://debuginfod.ubuntu.com /usr/bin/cmake /home/user/labroom-searching/ros_ws/src/wheel_driver -DAMENT_CMAKE_SYMLINK_INSTALL=1 -DCMAKE_INSTALL_PREFIX=/home/user/labroom-searching/ros_ws/install/wheel_driver
[3.590s] DEBUG:colcon.colcon_core.event_handler.log_command:Invoking command in '/home/user/labroom-searching/ros_ws/build/wheel_driver': CMAKE_PREFIX_PATH=${CMAKE_PREFIX_PATH}:/opt/ros/jazzy DEBUGINFOD_URLS=https://debuginfod.ubuntu.com /usr/bin/cmake --build /home/user/labroom-searching/ros_ws/build/wheel_driver -- -j12 -l12
[3.633s] DEBUG:colcon.colcon_core.event_handler.log_command:Invoked command in '/home/user/labroom-searching/ros_ws/build/wheel_driver' returned '0': CMAKE_PREFIX_PATH=${CMAKE_PREFIX_PATH}:/opt/ros/jazzy DEBUGINFOD_URLS=https://debuginfod.ubuntu.com /usr/bin/cmake --build /home/user/labroom-searching/ros_ws/build/wheel_driver -- -j12 -l12
[3.641s] DEBUG:colcon.colcon_core.event_handler.log_command:Invoking command in '/home/user/labroom-searching/ros_ws/build/wheel_driver': CMAKE_PREFIX_PATH=${CMAKE_PREFIX_PATH}:/opt/ros/jazzy DEBUGINFOD_URLS=https://debuginfod.ubuntu.com /usr/bin/cmake --install /home/user/labroom-searching/ros_ws/build/wheel_driver
[3.645s] DEBUG:colcon.colcon_core.event_handler.log_command:Invoked command in '/home/user/labroom-searching/ros_ws/build/lidar' returned '0': CMAKE_PREFIX_PATH=${CMAKE_PREFIX_PATH}:/opt/ros/jazzy DEBUGINFOD_URLS=https://debuginfod.ubuntu.com /usr/bin/cmake /home/user/labroom-searching/ros_ws/src/lidar -DAMENT_CMAKE_SYMLINK_INSTALL=1 -DCMAKE_INSTALL_PREFIX=/home/user/labroom-searching/ros_ws/install/lidar
[3.648s] DEBUG:colcon.colcon_core.event_handler.log_command:Invoking command in '/home/user/labroom-searching/ros_ws/build/lidar': CMAKE_PREFIX_PATH=${CMAKE_PREFIX_PATH}:/opt/ros/jazzy DEBUGINFOD_URLS=https://debuginfod.ubuntu.com /usr/bin/cmake --build /home/user/labroom-searching/ros_ws/build/lidar -- -j12 -l12
[3.676s] DEBUG:colcon.colcon_core.event_handler.log_command:Invoked command in '/home/user/labroom-searching/ros_ws/build/lidar' returned '0': CMAKE_PREFIX_PATH=${CMAKE_PREFIX_PATH}:/opt/ros/jazzy DEBUGINFOD_URLS=https://debuginfod.ubuntu.com /usr/bin/cmake --build /home/user/labroom-searching/ros_ws/build/lidar -- -j12 -l12
[3.678s] DEBUG:colcon.colcon_core.event_handler.log_command:Invoking command in '/home/user/labroom-searching/ros_ws/build/lidar': CMAKE_PREFIX_PATH=${CMAKE_PREFIX_PATH}:/opt/ros/jazzy DEBUGINFOD_URLS=https://debuginfod.ubuntu.com /usr/bin/cmake --install /home/user/labroom-searching/ros_ws/build/lidar
[3.758s] Level 1:colcon.colcon_core.environment:create_environment_scripts_only(wheel_driver)
[3.759s] DEBUG:colcon.colcon_core.event_handler.log_command:Invoked command in '/home/user/labroom-searching/ros_ws/build/wheel_driver' returned '0': CMAKE_PREFIX_PATH=${CMAKE_PREFIX_PATH}:/opt/ros/jazzy DEBUGINFOD_URLS=https://debuginfod.ubuntu.com /usr/bin/cmake --install /home/user/labroom-searching/ros_ws/build/wheel_driver
[3.771s] Level 1:colcon.colcon_core.environment:checking '/home/user/labroom-searching/ros_ws/install/wheel_driver' for CMake module files
[3.771s] Level 1:colcon.colcon_core.environment:checking '/home/user/labroom-searching/ros_ws/install/wheel_driver' for CMake config files
[3.772s] Level 1:colcon.colcon_core.shell:create_environment_hook('wheel_driver', 'cmake_prefix_path')
[3.772s] INFO:colcon.colcon_core.shell:Creating environment hook '/home/user/labroom-searching/ros_ws/install/wheel_driver/share/wheel_driver/hook/cmake_prefix_path.ps1'
[3.773s] INFO:colcon.colcon_core.shell:Creating environment descriptor '/home/user/labroom-searching/ros_ws/install/wheel_driver/share/wheel_driver/hook/cmake_prefix_path.dsv'
[3.774s] INFO:colcon.colcon_core.shell:Creating environment hook '/home/user/labroom-searching/ros_ws/install/wheel_driver/share/wheel_driver/hook/cmake_prefix_path.sh'
[3.775s] Level 1:colcon.colcon_core.environment:checking '/home/user/labroom-searching/ros_ws/install/wheel_driver/bin'
[3.775s] Level 1:colcon.colcon_core.environment:checking '/home/user/labroom-searching/ros_ws/install/wheel_driver/lib/pkgconfig/wheel_driver.pc'
[3.775s] Level 1:colcon.colcon_core.environment:checking '/home/user/labroom-searching/ros_ws/install/wheel_driver/lib/python3.12/site-packages'
[3.775s] Level 1:colcon.colcon_core.environment:checking '/home/user/labroom-searching/ros_ws/install/wheel_driver/bin'
[3.776s] INFO:colcon.colcon_core.shell:Creating package script '/home/user/labroom-searching/ros_ws/install/wheel_driver/share/wheel_driver/package.ps1'
[3.777s] INFO:colcon.colcon_core.shell:Creating package descriptor '/home/user/labroom-searching/ros_ws/install/wheel_driver/share/wheel_driver/package.dsv'
[3.777s] INFO:colcon.colcon_core.shell:Creating package script '/home/user/labroom-searching/ros_ws/install/wheel_driver/share/wheel_driver/package.sh'
[3.778s] INFO:colcon.colcon_core.shell:Creating package script '/home/user/labroom-searching/ros_ws/install/wheel_driver/share/wheel_driver/package.bash'
[3.779s] INFO:colcon.colcon_core.shell:Creating package script '/home/user/labroom-searching/ros_ws/install/wheel_driver/share/wheel_driver/package.zsh'
[3.780s] Level 1:colcon.colcon_core.environment:create_file_with_runtime_dependencies(/home/user/labroom-searching/ros_ws/install/wheel_driver/share/colcon-core/packages/wheel_driver)
[3.781s] Level 1:colcon.colcon_core.environment:create_environment_scripts_only(wheel_driver)
[3.781s] Level 1:colcon.colcon_core.environment:checking '/home/user/labroom-searching/ros_ws/install/wheel_driver' for CMake module files
[3.781s] Level 1:colcon.colcon_core.environment:checking '/home/user/labroom-searching/ros_ws/install/wheel_driver' for CMake config files
[3.781s] Level 1:colcon.colcon_core.shell:create_environment_hook('wheel_driver', 'cmake_prefix_path')
[3.781s] INFO:colcon.colcon_core.shell:Creating environment hook '/home/user/labroom-searching/ros_ws/install/wheel_driver/share/wheel_driver/hook/cmake_prefix_path.ps1'
[3.782s] INFO:colcon.colcon_core.shell:Creating environment descriptor '/home/user/labroom-searching/ros_ws/install/wheel_driver/share/wheel_driver/hook/cmake_prefix_path.dsv'
[3.782s] INFO:colcon.colcon_core.shell:Creating environment hook '/home/user/labroom-searching/ros_ws/install/wheel_driver/share/wheel_driver/hook/cmake_prefix_path.sh'
[3.782s] Level 1:colcon.colcon_core.environment:checking '/home/user/labroom-searching/ros_ws/install/wheel_driver/bin'
[3.782s] Level 1:colcon.colcon_core.environment:checking '/home/user/labroom-searching/ros_ws/install/wheel_driver/lib/pkgconfig/wheel_driver.pc'
[3.782s] Level 1:colcon.colcon_core.environment:checking '/home/user/labroom-searching/ros_ws/install/wheel_driver/lib/python3.12/site-packages'
[3.783s] Level 1:colcon.colcon_core.environment:checking '/home/user/labroom-searching/ros_ws/install/wheel_driver/bin'
[3.783s] INFO:colcon.colcon_core.shell:Creating package script '/home/user/labroom-searching/ros_ws/install/wheel_driver/share/wheel_driver/package.ps1'
[3.783s] INFO:colcon.colcon_core.shell:Creating package descriptor '/home/user/labroom-searching/ros_ws/install/wheel_driver/share/wheel_driver/package.dsv'
[3.784s] INFO:colcon.colcon_core.shell:Creating package script '/home/user/labroom-searching/ros_ws/install/wheel_driver/share/wheel_driver/package.sh'
[3.784s] INFO:colcon.colcon_core.shell:Creating package script '/home/user/labroom-searching/ros_ws/install/wheel_driver/share/wheel_driver/package.bash'
[3.784s] INFO:colcon.colcon_core.shell:Creating package script '/home/user/labroom-searching/ros_ws/install/wheel_driver/share/wheel_driver/package.zsh'
[3.785s] Level 1:colcon.colcon_core.environment:create_file_with_runtime_dependencies(/home/user/labroom-searching/ros_ws/install/wheel_driver/share/colcon-core/packages/wheel_driver)
[3.794s] Level 1:colcon.colcon_core.environment:create_environment_scripts_only(lidar)
[3.794s] Level 1:colcon.colcon_core.environment:checking '/home/user/labroom-searching/ros_ws/install/lidar' for CMake module files
[3.795s] DEBUG:colcon.colcon_core.event_handler.log_command:Invoked command in '/home/user/labroom-searching/ros_ws/build/lidar' returned '0': CMAKE_PREFIX_PATH=${CMAKE_PREFIX_PATH}:/opt/ros/jazzy DEBUGINFOD_URLS=https://debuginfod.ubuntu.com /usr/bin/cmake --install /home/user/labroom-searching/ros_ws/build/lidar
[3.795s] Level 1:colcon.colcon_core.environment:checking '/home/user/labroom-searching/ros_ws/install/lidar' for CMake config files
[3.795s] Level 1:colcon.colcon_core.shell:create_environment_hook('lidar', 'cmake_prefix_path')
[3.796s] INFO:colcon.colcon_core.shell:Creating environment hook '/home/user/labroom-searching/ros_ws/install/lidar/share/lidar/hook/cmake_prefix_path.ps1'
[3.796s] INFO:colcon.colcon_core.shell:Creating environment descriptor '/home/user/labroom-searching/ros_ws/install/lidar/share/lidar/hook/cmake_prefix_path.dsv'
[3.797s] INFO:colcon.colcon_core.shell:Creating environment hook '/home/user/labroom-searching/ros_ws/install/lidar/share/lidar/hook/cmake_prefix_path.sh'
[3.797s] Level 1:colcon.colcon_core.environment:checking '/home/user/labroom-searching/ros_ws/install/lidar/bin'
[3.797s] Level 1:colcon.colcon_core.environment:checking '/home/user/labroom-searching/ros_ws/install/lidar/lib/pkgconfig/lidar.pc'
[3.797s] Level 1:colcon.colcon_core.environment:checking '/home/user/labroom-searching/ros_ws/install/lidar/lib/python3.12/site-packages'
[3.797s] Level 1:colcon.colcon_core.environment:checking '/home/user/labroom-searching/ros_ws/install/lidar/bin'
[3.798s] INFO:colcon.colcon_core.shell:Creating package script '/home/user/labroom-searching/ros_ws/install/lidar/share/lidar/package.ps1'
[3.798s] INFO:colcon.colcon_core.shell:Creating package descriptor '/home/user/labroom-searching/ros_ws/install/lidar/share/lidar/package.dsv'
[3.798s] INFO:colcon.colcon_core.shell:Creating package script '/home/user/labroom-searching/ros_ws/install/lidar/share/lidar/package.sh'
[3.799s] INFO:colcon.colcon_core.shell:Creating package script '/home/user/labroom-searching/ros_ws/install/lidar/share/lidar/package.bash'
[3.799s] INFO:colcon.colcon_core.shell:Creating package script '/home/user/labroom-searching/ros_ws/install/lidar/share/lidar/package.zsh'
[3.799s] Level 1:colcon.colcon_core.environment:create_file_with_runtime_dependencies(/home/user/labroom-searching/ros_ws/install/lidar/share/colcon-core/packages/lidar)
[3.799s] Level 1:colcon.colcon_core.environment:create_environment_scripts_only(lidar)
[3.800s] Level 1:colcon.colcon_core.environment:checking '/home/user/labroom-searching/ros_ws/install/lidar' for CMake module files
[3.800s] Level 1:colcon.colcon_core.environment:checking '/home/user/labroom-searching/ros_ws/install/lidar' for CMake config files
[3.800s] Level 1:colcon.colcon_core.shell:create_environment_hook('lidar', 'cmake_prefix_path')
[3.800s] INFO:colcon.colcon_core.shell:Creating environment hook '/home/user/labroom-searching/ros_ws/install/lidar/share/lidar/hook/cmake_prefix_path.ps1'
[3.800s] INFO:colcon.colcon_core.shell:Creating environment descriptor '/home/user/labroom-searching/ros_ws/install/lidar/share/lidar/hook/cmake_prefix_path.dsv'
[3.801s] INFO:colcon.colcon_core.shell:Creating environment hook '/home/user/labroom-searching/ros_ws/install/lidar/share/lidar/hook/cmake_prefix_path.sh'
[3.801s] Level 1:colcon.colcon_core.environment:checking '/home/user/labroom-searching/ros_ws/install/lidar/bin'
[3.802s] Level 1:colcon.colcon_core.environment:checking '/home/user/labroom-searching/ros_ws/install/lidar/lib/pkgconfig/lidar.pc'
[3.802s] Level 1:colcon.colcon_core.environment:checking '/home/user/labroom-searching/ros_ws/install/lidar/lib/python3.12/site-packages'
[3.802s] Level 1:colcon.colcon_core.environment:checking '/home/user/labroom-searching/ros_ws/install/lidar/bin'
[3.802s] INFO:colcon.colcon_core.shell:Creating package script '/home/user/labroom-searching/ros_ws/install/lidar/share/lidar/package.ps1'
[3.803s] INFO:colcon.colcon_core.shell:Creating package descriptor '/home/user/labroom-searching/ros_ws/install/lidar/share/lidar/package.dsv'
[3.803s] INFO:colcon.colcon_core.shell:Creating package script '/home/user/labroom-searching/ros_ws/install/lidar/share/lidar/package.sh'
[3.804s] INFO:colcon.colcon_core.shell:Creating package script '/home/user/labroom-searching/ros_ws/install/lidar/share/lidar/package.bash'
[3.804s] INFO:colcon.colcon_core.shell:Creating package script '/home/user/labroom-searching/ros_ws/install/lidar/share/lidar/package.zsh'
[3.804s] Level 1:colcon.colcon_core.environment:create_file_with_runtime_dependencies(/home/user/labroom-searching/ros_ws/install/lidar/share/colcon-core/packages/lidar)
[6.581s] DEBUG:colcon.colcon_core.event_handler.log_command:Invoked command in '/home/user/labroom-searching/ros_ws/build/urg_node2' returned '1': CMAKE_PREFIX_PATH=${CMAKE_PREFIX_PATH}:/opt/ros/jazzy DEBUGINFOD_URLS=https://debuginfod.ubuntu.com /usr/bin/cmake /home/user/labroom-searching/ros_ws/src/urg_node2 -DAMENT_CMAKE_SYMLINK_INSTALL=1 -DCMAKE_INSTALL_PREFIX=/home/user/labroom-searching/ros_ws/install/urg_node2
[6.598s] Level 1:colcon.colcon_core.environment:create_environment_scripts_only(urg_node2)
[6.598s] Level 1:colcon.colcon_core.environment:checking '/home/user/labroom-searching/ros_ws/install/urg_node2' for CMake module files
[6.599s] Level 1:colcon.colcon_core.environment:checking '/home/user/labroom-searching/ros_ws/install/urg_node2' for CMake config files
[6.599s] Level 1:colcon.colcon_core.environment:checking '/home/user/labroom-searching/ros_ws/install/urg_node2/bin'
[6.599s] Level 1:colcon.colcon_core.environment:checking '/home/user/labroom-searching/ros_ws/install/urg_node2/lib/pkgconfig/urg_node2.pc'
[6.599s] Level 1:colcon.colcon_core.environment:checking '/home/user/labroom-searching/ros_ws/install/urg_node2/lib/python3.12/site-packages'
[6.600s] Level 1:colcon.colcon_core.environment:checking '/home/user/labroom-searching/ros_ws/install/urg_node2/bin'
[6.600s] INFO:colcon.colcon_core.shell:Creating package script '/home/user/labroom-searching/ros_ws/install/urg_node2/share/urg_node2/package.ps1'
[6.601s] INFO:colcon.colcon_core.shell:Creating package descriptor '/home/user/labroom-searching/ros_ws/install/urg_node2/share/urg_node2/package.dsv'
[6.602s] INFO:colcon.colcon_core.shell:Creating package script '/home/user/labroom-searching/ros_ws/install/urg_node2/share/urg_node2/package.sh'
[6.602s] INFO:colcon.colcon_core.shell:Creating package script '/home/user/labroom-searching/ros_ws/install/urg_node2/share/urg_node2/package.bash'
[6.602s] INFO:colcon.colcon_core.shell:Creating package script '/home/user/labroom-searching/ros_ws/install/urg_node2/share/urg_node2/package.zsh'
[6.603s] Level 1:colcon.colcon_core.environment:create_file_with_runtime_dependencies(/home/user/labroom-searching/ros_ws/install/urg_node2/share/colcon-core/packages/urg_node2)
[6.614s] DEBUG:colcon.colcon_parallel_executor.executor.parallel:closing loop
[6.614s] DEBUG:colcon.colcon_parallel_executor.executor.parallel:loop closed
[6.614s] DEBUG:colcon.colcon_parallel_executor.executor.parallel:run_until_complete finished with '1'
[6.614s] DEBUG:colcon.colcon_core.event_reactor:joining thread
[6.636s] INFO:colcon.colcon_core.plugin_system:Skipping extension 'colcon_notification.desktop_notification.terminal_notifier': Not used on non-Darwin systems
[6.637s] INFO:colcon.colcon_core.plugin_system:Skipping extension 'colcon_notification.desktop_notification.win32': Not used on non-Windows systems
[6.637s] INFO:colcon.colcon_notification.desktop_notification:Sending desktop notification using 'notify2'
[6.639s] DEBUG:colcon.colcon_notification.desktop_notification.notify2:Failed to initialize notify2: org.freedesktop.DBus.Error.ServiceUnknown: The name org.freedesktop.Notifications was not provided by any .service files
[6.639s] DEBUG:colcon.colcon_core.event_reactor:joined thread
[6.640s] INFO:colcon.colcon_core.shell:Creating prefix script '/home/user/labroom-searching/ros_ws/install/local_setup.ps1'
[6.641s] INFO:colcon.colcon_core.shell:Creating prefix util module '/home/user/labroom-searching/ros_ws/install/_local_setup_util_ps1.py'
[6.643s] INFO:colcon.colcon_core.shell:Creating prefix chain script '/home/user/labroom-searching/ros_ws/install/setup.ps1'
[6.645s] INFO:colcon.colcon_core.shell:Creating prefix script '/home/user/labroom-searching/ros_ws/install/local_setup.sh'
[6.646s] INFO:colcon.colcon_core.shell:Creating prefix util module '/home/user/labroom-searching/ros_ws/install/_local_setup_util_sh.py'
[6.647s] INFO:colcon.colcon_core.shell:Creating prefix chain script '/home/user/labroom-searching/ros_ws/install/setup.sh'
[6.650s] INFO:colcon.colcon_core.shell:Creating prefix script '/home/user/labroom-searching/ros_ws/install/local_setup.bash'
[6.653s] INFO:colcon.colcon_core.shell:Creating prefix chain script '/home/user/labroom-searching/ros_ws/install/setup.bash'
[6.656s] INFO:colcon.colcon_core.shell:Creating prefix script '/home/user/labroom-searching/ros_ws/install/local_setup.zsh'
[6.659s] INFO:colcon.colcon_core.shell:Creating prefix chain script '/home/user/labroom-searching/ros_ws/install/setup.zsh'
