[0.033s] Invoking command in '/home/user/labroom-searching/ros_ws/build/lidar': CMAKE_PREFIX_PATH=${CMAKE_PREFIX_PATH}:/opt/ros/jazzy DEBUGINFOD_URLS=https://debuginfod.ubuntu.com /usr/bin/cmake /home/user/labroom-searching/ros_ws/src/lidar -DAMENT_CMAKE_SYMLINK_INSTALL=1 -DCMAKE_INSTALL_PREFIX=/home/user/labroom-searching/ros_ws/install/lidar
[0.339s] -- The C compiler identification is GNU 13.3.0
[1.031s] -- The CXX compiler identification is GNU 13.3.0
[1.621s] -- Detecting C compiler ABI info
[1.887s] -- Detecting C compiler ABI info - done
[1.897s] -- Check for working C compiler: /usr/bin/cc - skipped
[1.900s] -- Detecting C compile features
[1.902s] -- Detecting C compile features - done
[1.989s] -- Detecting CXX compiler ABI info
[2.261s] -- Detecting CXX compiler ABI info - done
[2.270s] -- Check for working CXX compiler: /usr/bin/c++ - skipped
[2.271s] -- Detecting CXX compile features
[2.271s] -- Detecting CXX compile features - done
[2.287s] -- Found ament_cmake: 2.5.4 (/opt/ros/jazzy/share/ament_cmake/cmake)
[2.449s] -- Found Python3: /usr/bin/python3 (found version "3.12.3") found components: Interpreter 
[2.559s] -- Override CMake install command with custom implementation using symlinks instead of copying resources
[2.623s] -- Found ament_lint_auto: 0.17.2 (/opt/ros/jazzy/share/ament_lint_auto/cmake)
[2.775s] -- Added test 'cppcheck' to perform static code analysis on C / C++ code
[2.776s] -- Configured cppcheck include dirs: 
[2.776s] -- Configured cppcheck exclude dirs and/or files: 
[2.777s] -- Added test 'flake8' to check Python code syntax and style conventions
[2.777s] -- Configured 'flake8' exclude dirs and/or files: 
[2.778s] -- Added test 'lint_cmake' to check CMake code style
[2.779s] -- Added test 'pep257' to check Python code against some of the docstring style conventions in PEP 257
[2.788s] -- Added test 'uncrustify' to check C / C++ code style
[2.788s] -- Configured uncrustify additional arguments: 
[2.790s] -- Added test 'xmllint' to check XML markup files
[2.791s] -- Configuring done (2.7s)
[2.795s] -- Generating done (0.0s)
[2.797s] -- Build files have been written to: /home/user/labroom-searching/ros_ws/build/lidar
[2.810s] Invoked command in '/home/user/labroom-searching/ros_ws/build/lidar' returned '0': CMAKE_PREFIX_PATH=${CMAKE_PREFIX_PATH}:/opt/ros/jazzy DEBUGINFOD_URLS=https://debuginfod.ubuntu.com /usr/bin/cmake /home/user/labroom-searching/ros_ws/src/lidar -DAMENT_CMAKE_SYMLINK_INSTALL=1 -DCMAKE_INSTALL_PREFIX=/home/user/labroom-searching/ros_ws/install/lidar
[2.811s] Invoking command in '/home/user/labroom-searching/ros_ws/build/lidar': CMAKE_PREFIX_PATH=${CMAKE_PREFIX_PATH}:/opt/ros/jazzy DEBUGINFOD_URLS=https://debuginfod.ubuntu.com /usr/bin/cmake --build /home/user/labroom-searching/ros_ws/build/lidar -- -j12 -l12
[2.841s] Invoked command in '/home/user/labroom-searching/ros_ws/build/lidar' returned '0': CMAKE_PREFIX_PATH=${CMAKE_PREFIX_PATH}:/opt/ros/jazzy DEBUGINFOD_URLS=https://debuginfod.ubuntu.com /usr/bin/cmake --build /home/user/labroom-searching/ros_ws/build/lidar -- -j12 -l12
[2.843s] Invoking command in '/home/user/labroom-searching/ros_ws/build/lidar': CMAKE_PREFIX_PATH=${CMAKE_PREFIX_PATH}:/opt/ros/jazzy DEBUGINFOD_URLS=https://debuginfod.ubuntu.com /usr/bin/cmake --install /home/user/labroom-searching/ros_ws/build/lidar
[2.848s] -- Install configuration: ""
[2.849s] -- Execute custom install script
[2.850s] -- Symlinking: /home/user/labroom-searching/ros_ws/install/lidar/share/ament_index/resource_index/package_run_dependencies/lidar
[2.857s] -- Symlinking: /home/user/labroom-searching/ros_ws/install/lidar/share/ament_index/resource_index/parent_prefix_path/lidar
[2.864s] -- Symlinking: /home/user/labroom-searching/ros_ws/install/lidar/share/lidar/environment/ament_prefix_path.sh
[2.872s] -- Symlinking: /home/user/labroom-searching/ros_ws/install/lidar/share/lidar/environment/ament_prefix_path.dsv
[2.879s] -- Symlinking: /home/user/labroom-searching/ros_ws/install/lidar/share/lidar/environment/path.sh
[2.887s] -- Symlinking: /home/user/labroom-searching/ros_ws/install/lidar/share/lidar/environment/path.dsv
[2.895s] -- Symlinking: /home/user/labroom-searching/ros_ws/install/lidar/share/lidar/local_setup.bash
[2.901s] -- Symlinking: /home/user/labroom-searching/ros_ws/install/lidar/share/lidar/local_setup.sh
[2.908s] -- Symlinking: /home/user/labroom-searching/ros_ws/install/lidar/share/lidar/local_setup.zsh
[2.916s] -- Symlinking: /home/user/labroom-searching/ros_ws/install/lidar/share/lidar/local_setup.dsv
[2.922s] -- Symlinking: /home/user/labroom-searching/ros_ws/install/lidar/share/lidar/package.dsv
[2.931s] -- Symlinking: /home/user/labroom-searching/ros_ws/install/lidar/share/ament_index/resource_index/packages/lidar
[2.938s] -- Symlinking: /home/user/labroom-searching/ros_ws/install/lidar/share/lidar/cmake/lidarConfig.cmake
[2.945s] -- Symlinking: /home/user/labroom-searching/ros_ws/install/lidar/share/lidar/cmake/lidarConfig-version.cmake
[2.951s] -- Symlinking: /home/user/labroom-searching/ros_ws/install/lidar/share/lidar/package.xml
[2.960s] Invoked command in '/home/user/labroom-searching/ros_ws/build/lidar' returned '0': CMAKE_PREFIX_PATH=${CMAKE_PREFIX_PATH}:/opt/ros/jazzy DEBUGINFOD_URLS=https://debuginfod.ubuntu.com /usr/bin/cmake --install /home/user/labroom-searching/ros_ws/build/lidar
