-- The C compiler identification is GNU 13.3.0
-- The CXX compiler identification is GNU 13.3.0
-- Detecting C compiler ABI info
-- Detecting C compiler ABI info - done
-- Check for working C compiler: /usr/bin/cc - skipped
-- Detecting C compile features
-- Detecting C compile features - done
-- Detecting CXX compiler ABI info
-- Detecting CXX compiler ABI info - done
-- Check for working CXX compiler: /usr/bin/c++ - skipped
-- Detecting CXX compile features
-- Detecting CXX compile features - done
-- Found ament_cmake: 2.5.4 (/opt/ros/jazzy/share/ament_cmake/cmake)
-- Found Python3: /usr/bin/python3 (found version "3.12.3") found components: Interpreter 
-- Override CMake install command with custom implementation using symlinks instead of copying resources
-- Found ament_lint_auto: 0.17.2 (/opt/ros/jazzy/share/ament_lint_auto/cmake)
-- Added test 'lint_cmake' to check CMake code style
-- Added test 'xmllint' to check XML markup files
-- Configuring done (2.7s)
-- Generating done (0.0s)
-- Build files have been written to: /home/user/labroom-searching/ros_ws/build/wheel_driver
-- Install configuration: ""
-- Execute custom install script
-- Symlinking: /home/user/labroom-searching/ros_ws/install/wheel_driver/share/ament_index/resource_index/package_run_dependencies/wheel_driver
-- Symlinking: /home/user/labroom-searching/ros_ws/install/wheel_driver/share/ament_index/resource_index/parent_prefix_path/wheel_driver
-- Symlinking: /home/user/labroom-searching/ros_ws/install/wheel_driver/share/wheel_driver/environment/ament_prefix_path.sh
-- Symlinking: /home/user/labroom-searching/ros_ws/install/wheel_driver/share/wheel_driver/environment/ament_prefix_path.dsv
-- Symlinking: /home/user/labroom-searching/ros_ws/install/wheel_driver/share/wheel_driver/environment/path.sh
-- Symlinking: /home/user/labroom-searching/ros_ws/install/wheel_driver/share/wheel_driver/environment/path.dsv
-- Symlinking: /home/user/labroom-searching/ros_ws/install/wheel_driver/share/wheel_driver/local_setup.bash
-- Symlinking: /home/user/labroom-searching/ros_ws/install/wheel_driver/share/wheel_driver/local_setup.sh
-- Symlinking: /home/user/labroom-searching/ros_ws/install/wheel_driver/share/wheel_driver/local_setup.zsh
-- Symlinking: /home/user/labroom-searching/ros_ws/install/wheel_driver/share/wheel_driver/local_setup.dsv
-- Symlinking: /home/user/labroom-searching/ros_ws/install/wheel_driver/share/wheel_driver/package.dsv
-- Symlinking: /home/user/labroom-searching/ros_ws/install/wheel_driver/share/ament_index/resource_index/packages/wheel_driver
-- Symlinking: /home/user/labroom-searching/ros_ws/install/wheel_driver/share/wheel_driver/cmake/wheel_driverConfig.cmake
-- Symlinking: /home/user/labroom-searching/ros_ws/install/wheel_driver/share/wheel_driver/cmake/wheel_driverConfig-version.cmake
-- Symlinking: /home/user/labroom-searching/ros_ws/install/wheel_driver/share/wheel_driver/package.xml
