[0.036s] Invoking command in '/home/user/RoDEP/room_serching/labroom-searching/ros_ws/build/joy_display': CMAKE_PREFIX_PATH=${CMAKE_PREFIX_PATH}:/opt/ros/jazzy DEBUGINFOD_URLS=https://debuginfod.ubuntu.com /usr/bin/cmake /home/user/RoDEP/room_serching/labroom-searching/ros_ws/src/joy_display -DCMAKE_INSTALL_PREFIX=/home/user/RoDEP/room_serching/labroom-searching/ros_ws/install/joy_display
[0.536s] -- The C compiler identification is GNU 13.3.0
[1.201s] -- The CXX compiler identification is GNU 13.3.0
[1.559s] -- Detecting C compiler ABI info
[1.840s] -- Detecting C compiler ABI info - done
[1.849s] -- Check for working C compiler: /usr/bin/cc - skipped
[1.850s] -- Detecting C compile features
[1.851s] -- Detecting C compile features - done
[1.899s] -- Detecting CXX compiler ABI info
[2.099s] -- Detecting CXX compiler ABI info - done
[2.107s] -- Check for working CXX compiler: /usr/bin/c++ - skipped
[2.108s] -- Detecting CXX compile features
[2.109s] -- Detecting CXX compile features - done
[2.161s] -- Found ament_cmake: 2.5.4 (/opt/ros/jazzy/share/ament_cmake/cmake)
[2.350s] -- Found Python3: /usr/bin/python3 (found version "3.12.3") found components: Interpreter 
[2.536s] -- Found rclcpp: 28.1.12 (/opt/ros/jazzy/share/rclcpp/cmake)
[2.715s] -- Found rosidl_generator_c: 4.6.6 (/opt/ros/jazzy/share/rosidl_generator_c/cmake)
[2.745s] -- Found rosidl_generator_cpp: 4.6.6 (/opt/ros/jazzy/share/rosidl_generator_cpp/cmake)
[2.798s] -- Using all available rosidl_typesupport_c: rosidl_typesupport_fastrtps_c;rosidl_typesupport_introspection_c
[2.839s] -- Using all available rosidl_typesupport_cpp: rosidl_typesupport_fastrtps_cpp;rosidl_typesupport_introspection_cpp
[2.975s] -- Found rmw_implementation_cmake: 7.3.2 (/opt/ros/jazzy/share/rmw_implementation_cmake/cmake)
[2.981s] -- Found rmw_fastrtps_cpp: 8.4.3 (/opt/ros/jazzy/share/rmw_fastrtps_cpp/cmake)
[3.117s] -- Found OpenSSL: /usr/lib/x86_64-linux-gnu/libcrypto.so (found version "3.0.13")  
[3.195s] -- Found FastRTPS: /opt/ros/jazzy/include (Required is at least version "2.13") 
[3.239s] -- Using RMW implementation 'rmw_fastrtps_cpp' as default
[3.382s] -- Found sensor_msgs: 5.3.6 (/opt/ros/jazzy/share/sensor_msgs/cmake)
[3.503s] -- Found ament_lint_auto: 0.17.3 (/opt/ros/jazzy/share/ament_lint_auto/cmake)
[3.637s] -- Added test 'cppcheck' to perform static code analysis on C / C++ code
[3.637s] -- Configured cppcheck include dirs: 
[3.637s] -- Configured cppcheck exclude dirs and/or files: 
[3.639s] -- Added test 'lint_cmake' to check CMake code style
[3.642s] -- Added test 'uncrustify' to check C / C++ code style
[3.643s] -- Configured uncrustify additional arguments: 
[3.646s] -- Added test 'xmllint' to check XML markup files
[3.653s] -- Configuring done (3.5s)
[3.660s] -- Generating done (0.0s)
[3.664s] -- Build files have been written to: /home/user/RoDEP/room_serching/labroom-searching/ros_ws/build/joy_display
[3.673s] Invoked command in '/home/user/RoDEP/room_serching/labroom-searching/ros_ws/build/joy_display' returned '0': CMAKE_PREFIX_PATH=${CMAKE_PREFIX_PATH}:/opt/ros/jazzy DEBUGINFOD_URLS=https://debuginfod.ubuntu.com /usr/bin/cmake /home/user/RoDEP/room_serching/labroom-searching/ros_ws/src/joy_display -DCMAKE_INSTALL_PREFIX=/home/user/RoDEP/room_serching/labroom-searching/ros_ws/install/joy_display
[3.674s] Invoking command in '/home/user/RoDEP/room_serching/labroom-searching/ros_ws/build/joy_display': CMAKE_PREFIX_PATH=${CMAKE_PREFIX_PATH}:/opt/ros/jazzy DEBUGINFOD_URLS=https://debuginfod.ubuntu.com /usr/bin/cmake --build /home/user/RoDEP/room_serching/labroom-searching/ros_ws/build/joy_display -- -j14 -l14
[3.713s] Invoked command in '/home/user/RoDEP/room_serching/labroom-searching/ros_ws/build/joy_display' returned '0': CMAKE_PREFIX_PATH=${CMAKE_PREFIX_PATH}:/opt/ros/jazzy DEBUGINFOD_URLS=https://debuginfod.ubuntu.com /usr/bin/cmake --build /home/user/RoDEP/room_serching/labroom-searching/ros_ws/build/joy_display -- -j14 -l14
[3.721s] Invoking command in '/home/user/RoDEP/room_serching/labroom-searching/ros_ws/build/joy_display': CMAKE_PREFIX_PATH=${CMAKE_PREFIX_PATH}:/opt/ros/jazzy DEBUGINFOD_URLS=https://debuginfod.ubuntu.com /usr/bin/cmake --install /home/user/RoDEP/room_serching/labroom-searching/ros_ws/build/joy_display
[3.727s] -- Install configuration: ""
[3.730s] -- Installing: /home/user/RoDEP/room_serching/labroom-searching/ros_ws/install/joy_display/share/ament_index/resource_index/package_run_dependencies/joy_display
[3.731s] -- Installing: /home/user/RoDEP/room_serching/labroom-searching/ros_ws/install/joy_display/share/ament_index/resource_index/parent_prefix_path/joy_display
[3.733s] -- Installing: /home/user/RoDEP/room_serching/labroom-searching/ros_ws/install/joy_display/share/joy_display/environment/ament_prefix_path.sh
[3.734s] -- Installing: /home/user/RoDEP/room_serching/labroom-searching/ros_ws/install/joy_display/share/joy_display/environment/ament_prefix_path.dsv
[3.734s] -- Installing: /home/user/RoDEP/room_serching/labroom-searching/ros_ws/install/joy_display/share/joy_display/environment/path.sh
[3.734s] -- Installing: /home/user/RoDEP/room_serching/labroom-searching/ros_ws/install/joy_display/share/joy_display/environment/path.dsv
[3.734s] -- Installing: /home/user/RoDEP/room_serching/labroom-searching/ros_ws/install/joy_display/share/joy_display/local_setup.bash
[3.734s] -- Installing: /home/user/RoDEP/room_serching/labroom-searching/ros_ws/install/joy_display/share/joy_display/local_setup.sh
[3.734s] -- Installing: /home/user/RoDEP/room_serching/labroom-searching/ros_ws/install/joy_display/share/joy_display/local_setup.zsh
[3.734s] -- Installing: /home/user/RoDEP/room_serching/labroom-searching/ros_ws/install/joy_display/share/joy_display/local_setup.dsv
[3.734s] -- Installing: /home/user/RoDEP/room_serching/labroom-searching/ros_ws/install/joy_display/share/joy_display/package.dsv
[3.736s] -- Installing: /home/user/RoDEP/room_serching/labroom-searching/ros_ws/install/joy_display/share/ament_index/resource_index/packages/joy_display
[3.738s] -- Installing: /home/user/RoDEP/room_serching/labroom-searching/ros_ws/install/joy_display/share/joy_display/cmake/joy_displayConfig.cmake
[3.739s] -- Installing: /home/user/RoDEP/room_serching/labroom-searching/ros_ws/install/joy_display/share/joy_display/cmake/joy_displayConfig-version.cmake
[3.739s] -- Installing: /home/user/RoDEP/room_serching/labroom-searching/ros_ws/install/joy_display/share/joy_display/package.xml
[3.741s] Invoked command in '/home/user/RoDEP/room_serching/labroom-searching/ros_ws/build/joy_display' returned '0': CMAKE_PREFIX_PATH=${CMAKE_PREFIX_PATH}:/opt/ros/jazzy DEBUGINFOD_URLS=https://debuginfod.ubuntu.com /usr/bin/cmake --install /home/user/RoDEP/room_serching/labroom-searching/ros_ws/build/joy_display
