[0.019s] Invoking command in '/home/user/labroom-searching/ros_ws/build/urg_node2': CMAKE_PREFIX_PATH=${CMAKE_PREFIX_PATH}:/opt/ros/jazzy DEBUGINFOD_URLS=https://debuginfod.ubuntu.com /usr/bin/cmake /home/user/labroom-searching/ros_ws/src/urg_node2 -DAMENT_CMAKE_SYMLINK_INSTALL=1 -DCMAKE_INSTALL_PREFIX=/home/user/labroom-searching/ros_ws/install/urg_node2
[0.319s] -- The C compiler identification is GNU 13.3.0
[1.054s] -- The CXX compiler identification is GNU 13.3.0
[1.598s] -- Detecting C compiler ABI info
[1.901s] -- Detecting C compiler ABI info - done
[1.908s] -- Check for working C compiler: /usr/bin/cc - skipped
[1.909s] -- Detecting C compile features
[1.909s] -- Detecting C compile features - done
[2.031s] -- Detecting CXX compiler ABI info
[2.344s] -- Detecting CXX compiler ABI info - done
[2.354s] -- Check for working CXX compiler: /usr/bin/c++ - skipped
[2.355s] -- Detecting CXX compile features
[2.355s] -- Detecting CXX compile features - done
[2.357s] -- Found ament_cmake: 2.5.4 (/opt/ros/jazzy/share/ament_cmake/cmake)
[2.515s] -- Found Python3: /usr/bin/python3 (found version "3.12.3") found components: Interpreter 
[2.587s] -- Override CMake install command with custom implementation using symlinks instead of copying resources
[2.615s] -- Found rclcpp: 28.1.9 (/opt/ros/jazzy/share/rclcpp/cmake)
[2.962s] -- Found rosidl_generator_c: 4.6.5 (/opt/ros/jazzy/share/rosidl_generator_c/cmake)
[2.980s] -- Found rosidl_generator_cpp: 4.6.5 (/opt/ros/jazzy/share/rosidl_generator_cpp/cmake)
[3.007s] -- Using all available rosidl_typesupport_c: rosidl_typesupport_fastrtps_c;rosidl_typesupport_introspection_c
[3.033s] -- Using all available rosidl_typesupport_cpp: rosidl_typesupport_fastrtps_cpp;rosidl_typesupport_introspection_cpp
[3.142s] -- Found rmw_implementation_cmake: 7.3.2 (/opt/ros/jazzy/share/rmw_implementation_cmake/cmake)
[3.148s] -- Found rmw_fastrtps_cpp: 8.4.2 (/opt/ros/jazzy/share/rmw_fastrtps_cpp/cmake)
[3.243s] -- Found OpenSSL: /usr/lib/x86_64-linux-gnu/libcrypto.so (found version "3.0.13")  
[3.486s] -- Found FastRTPS: /opt/ros/jazzy/include (Required is at least version "2.13") 
[3.628s] -- Using RMW implementation 'rmw_fastrtps_cpp' as default
[3.956s] -- Found rclcpp_components: 28.1.9 (/opt/ros/jazzy/share/rclcpp_components/cmake)
[4.022s] -- Found rclcpp_lifecycle: 28.1.9 (/opt/ros/jazzy/share/rclcpp_lifecycle/cmake)
[4.067s] -- Found sensor_msgs: 5.3.6 (/opt/ros/jazzy/share/sensor_msgs/cmake)
[5.710s] [31mCMake Error at CMakeLists.txt:25 (find_package):
[5.710s]   By not providing "Finddiagnostic_updater.cmake" in CMAKE_MODULE_PATH this
[5.710s]   project has asked CMake to find a package configuration file provided by
[5.710s]   "diagnostic_updater", but CMake did not find one.
[5.710s] 
[5.710s]   Could not find a package configuration file provided by
[5.710s]   "diagnostic_updater" with any of the following names:
[5.710s] 
[5.710s]     diagnostic_updaterConfig.cmake
[5.710s]     diagnostic_updater-config.cmake
[5.710s] 
[5.711s]   Add the installation prefix of "diagnostic_updater" to CMAKE_PREFIX_PATH or
[5.711s]   set "diagnostic_updater_DIR" to a directory containing one of the above
[5.711s]   files.  If "diagnostic_updater" provides a separate development package or
[5.711s]   SDK, be sure it has been installed.
[5.711s] 
[5.711s] [0m
[5.712s] -- Configuring incomplete, errors occurred!
[5.723s] Invoked command in '/home/user/labroom-searching/ros_ws/build/urg_node2' returned '1': CMAKE_PREFIX_PATH=${CMAKE_PREFIX_PATH}:/opt/ros/jazzy DEBUGINFOD_URLS=https://debuginfod.ubuntu.com /usr/bin/cmake /home/user/labroom-searching/ros_ws/src/urg_node2 -DAMENT_CMAKE_SYMLINK_INSTALL=1 -DCMAKE_INSTALL_PREFIX=/home/user/labroom-searching/ros_ws/install/urg_node2
