[0.376s] DEBUG:colcon:Command line arguments: ['/usr/bin/colcon', 'build', '--packages-select', 'joy_display']
[0.376s] DEBUG:colcon:Parsed command line arguments: Namespace(log_base=None, log_level=None, verb_name='build', build_base='build', install_base='install', merge_install=False, symlink_install=False, test_result_base=None, continue_on_error=False, executor='parallel', parallel_workers=14, event_handlers=None, ignore_user_meta=False, metas=['./colcon.meta'], base_paths=['.'], packages_ignore=None, packages_ignore_regex=None, paths=None, packages_up_to=None, packages_up_to_regex=None, packages_above=None, packages_above_and_dependencies=None, packages_above_depth=None, packages_select_by_dep=None, packages_skip_by_dep=None, packages_skip_up_to=None, packages_select_build_failed=False, packages_skip_build_finished=False, packages_select_test_failures=False, packages_skip_test_passed=False, packages_select=['joy_display'], packages_skip=None, packages_select_regex=None, packages_skip_regex=None, packages_start=None, packages_end=None, allow_overriding=[], cmake_args=None, cmake_target=None, cmake_target_skip_unavailable=False, cmake_clean_cache=False, cmake_clean_first=False, cmake_force_configure=False, ament_cmake_args=None, catkin_cmake_args=None, catkin_skip_building_tests=False, mixin_files=None, mixin=None, verb_parser=<colcon_mixin.mixin.mixin_argument.MixinArgumentDecorator object at 0x7f95b59053d0>, verb_extension=<colcon_core.verb.build.BuildVerb object at 0x7f95b5905160>, main=<bound method BuildVerb.main of <colcon_core.verb.build.BuildVerb object at 0x7f95b5905160>>, mixin_verb=('build',))
[0.521s] Level 1:colcon.colcon_core.package_discovery:discover_packages(colcon_meta) check parameters
[0.521s] Level 1:colcon.colcon_core.package_discovery:discover_packages(recursive) check parameters
[0.521s] Level 1:colcon.colcon_core.package_discovery:discover_packages(ignore) check parameters
[0.521s] Level 1:colcon.colcon_core.package_discovery:discover_packages(path) check parameters
[0.521s] Level 1:colcon.colcon_core.package_discovery:discover_packages(colcon_meta) discover
[0.521s] Level 1:colcon.colcon_core.package_discovery:discover_packages(recursive) discover
[0.521s] INFO:colcon.colcon_core.package_discovery:Crawling recursively for packages in '/home/user/RoDEP/room_serching/labroom-searching/ros_ws'
[0.522s] Level 1:colcon.colcon_core.package_identification:_identify(.) by extensions ['ignore', 'ignore_ament_install']
[0.522s] Level 1:colcon.colcon_core.package_identification:_identify(.) by extension 'ignore'
[0.522s] Level 1:colcon.colcon_core.package_identification:_identify(.) by extension 'ignore_ament_install'
[0.522s] Level 1:colcon.colcon_core.package_identification:_identify(.) by extensions ['colcon_pkg']
[0.522s] Level 1:colcon.colcon_core.package_identification:_identify(.) by extension 'colcon_pkg'
[0.522s] Level 1:colcon.colcon_core.package_identification:_identify(.) by extensions ['colcon_meta']
[0.522s] Level 1:colcon.colcon_core.package_identification:_identify(.) by extension 'colcon_meta'
[0.522s] Level 1:colcon.colcon_core.package_identification:_identify(.) by extensions ['ros']
[0.522s] Level 1:colcon.colcon_core.package_identification:_identify(.) by extension 'ros'
[0.571s] Level 1:colcon.colcon_core.package_identification:_identify(.) by extensions ['cmake', 'python']
[0.571s] Level 1:colcon.colcon_core.package_identification:_identify(.) by extension 'cmake'
[0.571s] Level 1:colcon.colcon_core.package_identification:_identify(.) by extension 'python'
[0.571s] Level 1:colcon.colcon_core.package_identification:_identify(.) by extensions ['python_setup_py']
[0.571s] Level 1:colcon.colcon_core.package_identification:_identify(.) by extension 'python_setup_py'
[0.571s] Level 1:colcon.colcon_core.package_identification:_identify(build) by extensions ['ignore', 'ignore_ament_install']
[0.571s] Level 1:colcon.colcon_core.package_identification:_identify(build) by extension 'ignore'
[0.571s] Level 1:colcon.colcon_core.package_identification:_identify(build) ignored
[0.572s] Level 1:colcon.colcon_core.package_identification:_identify(install) by extensions ['ignore', 'ignore_ament_install']
[0.572s] Level 1:colcon.colcon_core.package_identification:_identify(install) by extension 'ignore'
[0.572s] Level 1:colcon.colcon_core.package_identification:_identify(install) ignored
[0.572s] Level 1:colcon.colcon_core.package_identification:_identify(log) by extensions ['ignore', 'ignore_ament_install']
[0.572s] Level 1:colcon.colcon_core.package_identification:_identify(log) by extension 'ignore'
[0.572s] Level 1:colcon.colcon_core.package_identification:_identify(log) ignored
[0.572s] Level 1:colcon.colcon_core.package_identification:_identify(src) by extensions ['ignore', 'ignore_ament_install']
[0.572s] Level 1:colcon.colcon_core.package_identification:_identify(src) by extension 'ignore'
[0.572s] Level 1:colcon.colcon_core.package_identification:_identify(src) by extension 'ignore_ament_install'
[0.572s] Level 1:colcon.colcon_core.package_identification:_identify(src) by extensions ['colcon_pkg']
[0.572s] Level 1:colcon.colcon_core.package_identification:_identify(src) by extension 'colcon_pkg'
[0.572s] Level 1:colcon.colcon_core.package_identification:_identify(src) by extensions ['colcon_meta']
[0.572s] Level 1:colcon.colcon_core.package_identification:_identify(src) by extension 'colcon_meta'
[0.573s] Level 1:colcon.colcon_core.package_identification:_identify(src) by extensions ['ros']
[0.573s] Level 1:colcon.colcon_core.package_identification:_identify(src) by extension 'ros'
[0.573s] Level 1:colcon.colcon_core.package_identification:_identify(src) by extensions ['cmake', 'python']
[0.573s] Level 1:colcon.colcon_core.package_identification:_identify(src) by extension 'cmake'
[0.573s] Level 1:colcon.colcon_core.package_identification:_identify(src) by extension 'python'
[0.573s] Level 1:colcon.colcon_core.package_identification:_identify(src) by extensions ['python_setup_py']
[0.573s] Level 1:colcon.colcon_core.package_identification:_identify(src) by extension 'python_setup_py'
[0.573s] Level 1:colcon.colcon_core.package_identification:_identify(src/joy_display) by extensions ['ignore', 'ignore_ament_install']
[0.573s] Level 1:colcon.colcon_core.package_identification:_identify(src/joy_display) by extension 'ignore'
[0.573s] Level 1:colcon.colcon_core.package_identification:_identify(src/joy_display) by extension 'ignore_ament_install'
[0.573s] Level 1:colcon.colcon_core.package_identification:_identify(src/joy_display) by extensions ['colcon_pkg']
[0.573s] Level 1:colcon.colcon_core.package_identification:_identify(src/joy_display) by extension 'colcon_pkg'
[0.573s] Level 1:colcon.colcon_core.package_identification:_identify(src/joy_display) by extensions ['colcon_meta']
[0.573s] Level 1:colcon.colcon_core.package_identification:_identify(src/joy_display) by extension 'colcon_meta'
[0.573s] Level 1:colcon.colcon_core.package_identification:_identify(src/joy_display) by extensions ['ros']
[0.573s] Level 1:colcon.colcon_core.package_identification:_identify(src/joy_display) by extension 'ros'
[0.579s] DEBUG:colcon.colcon_core.package_identification:Package 'src/joy_display' with type 'ros.ament_cmake' and name 'joy_display'
[0.579s] Level 1:colcon.colcon_core.package_identification:_identify(src/wheel_driver) by extensions ['ignore', 'ignore_ament_install']
[0.579s] Level 1:colcon.colcon_core.package_identification:_identify(src/wheel_driver) by extension 'ignore'
[0.579s] Level 1:colcon.colcon_core.package_identification:_identify(src/wheel_driver) by extension 'ignore_ament_install'
[0.579s] Level 1:colcon.colcon_core.package_identification:_identify(src/wheel_driver) by extensions ['colcon_pkg']
[0.580s] Level 1:colcon.colcon_core.package_identification:_identify(src/wheel_driver) by extension 'colcon_pkg'
[0.580s] Level 1:colcon.colcon_core.package_identification:_identify(src/wheel_driver) by extensions ['colcon_meta']
[0.580s] Level 1:colcon.colcon_core.package_identification:_identify(src/wheel_driver) by extension 'colcon_meta'
[0.580s] Level 1:colcon.colcon_core.package_identification:_identify(src/wheel_driver) by extensions ['ros']
[0.580s] Level 1:colcon.colcon_core.package_identification:_identify(src/wheel_driver) by extension 'ros'
[0.581s] DEBUG:colcon.colcon_core.package_identification:Package 'src/wheel_driver' with type 'ros.ament_cmake' and name 'wheel_driver'
[0.581s] Level 1:colcon.colcon_core.package_discovery:discover_packages(recursive) using defaults
[0.581s] Level 1:colcon.colcon_core.package_discovery:discover_packages(ignore) discover
[0.582s] Level 1:colcon.colcon_core.package_discovery:discover_packages(ignore) using defaults
[0.582s] Level 1:colcon.colcon_core.package_discovery:discover_packages(path) discover
[0.582s] Level 1:colcon.colcon_core.package_discovery:discover_packages(path) using defaults
[0.627s] INFO:colcon.colcon_core.package_selection:Skipping not selected package 'wheel_driver' in 'src/wheel_driver'
[0.630s] Level 1:colcon.colcon_core.package_discovery:discover_packages(prefix_path) check parameters
[0.630s] Level 1:colcon.colcon_core.package_discovery:discover_packages(prefix_path) discover
[0.642s] DEBUG:colcon.colcon_installed_package_information.package_discovery:Found 345 installed packages in /opt/ros/jazzy
[0.646s] Level 1:colcon.colcon_core.package_discovery:discover_packages(prefix_path) using defaults
[0.721s] Level 5:colcon.colcon_core.verb:set package 'joy_display' build argument 'cmake_args' from command line to 'None'
[0.721s] Level 5:colcon.colcon_core.verb:set package 'joy_display' build argument 'cmake_target' from command line to 'None'
[0.721s] Level 5:colcon.colcon_core.verb:set package 'joy_display' build argument 'cmake_target_skip_unavailable' from command line to 'False'
[0.721s] Level 5:colcon.colcon_core.verb:set package 'joy_display' build argument 'cmake_clean_cache' from command line to 'False'
[0.721s] Level 5:colcon.colcon_core.verb:set package 'joy_display' build argument 'cmake_clean_first' from command line to 'False'
[0.721s] Level 5:colcon.colcon_core.verb:set package 'joy_display' build argument 'cmake_force_configure' from command line to 'False'
[0.721s] Level 5:colcon.colcon_core.verb:set package 'joy_display' build argument 'ament_cmake_args' from command line to 'None'
[0.721s] Level 5:colcon.colcon_core.verb:set package 'joy_display' build argument 'catkin_cmake_args' from command line to 'None'
[0.721s] Level 5:colcon.colcon_core.verb:set package 'joy_display' build argument 'catkin_skip_building_tests' from command line to 'False'
[0.721s] DEBUG:colcon.colcon_core.verb:Building package 'joy_display' with the following arguments: {'ament_cmake_args': None, 'build_base': '/home/user/RoDEP/room_serching/labroom-searching/ros_ws/build/joy_display', 'catkin_cmake_args': None, 'catkin_skip_building_tests': False, 'cmake_args': None, 'cmake_clean_cache': False, 'cmake_clean_first': False, 'cmake_force_configure': False, 'cmake_target': None, 'cmake_target_skip_unavailable': False, 'install_base': '/home/user/RoDEP/room_serching/labroom-searching/ros_ws/install/joy_display', 'merge_install': False, 'path': '/home/user/RoDEP/room_serching/labroom-searching/ros_ws/src/joy_display', 'symlink_install': False, 'test_result_base': None}
[0.721s] INFO:colcon.colcon_core.executor:Executing jobs using 'parallel' executor
[0.724s] DEBUG:colcon.colcon_parallel_executor.executor.parallel:run_until_complete
[0.725s] INFO:colcon.colcon_ros.task.ament_cmake.build:Building ROS package in '/home/user/RoDEP/room_serching/labroom-searching/ros_ws/src/joy_display' with build type 'ament_cmake'
[0.725s] INFO:colcon.colcon_cmake.task.cmake.build:Building CMake package in '/home/user/RoDEP/room_serching/labroom-searching/ros_ws/src/joy_display'
[0.734s] INFO:colcon.colcon_core.plugin_system:Skipping extension 'colcon_core.shell.bat': Not used on non-Windows systems
[0.734s] INFO:colcon.colcon_core.shell:Skip shell extension 'powershell' for command environment: Not usable outside of PowerShell
[0.735s] DEBUG:colcon.colcon_core.shell:Skip shell extension 'dsv' for command environment
[0.755s] DEBUG:colcon.colcon_core.event_handler.log_command:Invoking command in '/home/user/RoDEP/room_serching/labroom-searching/ros_ws/build/joy_display': CMAKE_PREFIX_PATH=${CMAKE_PREFIX_PATH}:/opt/ros/jazzy DEBUGINFOD_URLS=https://debuginfod.ubuntu.com /usr/bin/cmake --build /home/user/RoDEP/room_serching/labroom-searching/ros_ws/build/joy_display -- -j14 -l14
[13.195s] DEBUG:colcon.colcon_core.event_handler.log_command:Invoked command in '/home/user/RoDEP/room_serching/labroom-searching/ros_ws/build/joy_display' returned '0': CMAKE_PREFIX_PATH=${CMAKE_PREFIX_PATH}:/opt/ros/jazzy DEBUGINFOD_URLS=https://debuginfod.ubuntu.com /usr/bin/cmake --build /home/user/RoDEP/room_serching/labroom-searching/ros_ws/build/joy_display -- -j14 -l14
[13.206s] DEBUG:colcon.colcon_core.event_handler.log_command:Invoking command in '/home/user/RoDEP/room_serching/labroom-searching/ros_ws/build/joy_display': CMAKE_PREFIX_PATH=${CMAKE_PREFIX_PATH}:/opt/ros/jazzy DEBUGINFOD_URLS=https://debuginfod.ubuntu.com /usr/bin/cmake --install /home/user/RoDEP/room_serching/labroom-searching/ros_ws/build/joy_display
[13.221s] Level 1:colcon.colcon_core.environment:create_environment_scripts_only(joy_display)
[13.222s] DEBUG:colcon.colcon_core.event_handler.log_command:Invoked command in '/home/user/RoDEP/room_serching/labroom-searching/ros_ws/build/joy_display' returned '0': CMAKE_PREFIX_PATH=${CMAKE_PREFIX_PATH}:/opt/ros/jazzy DEBUGINFOD_URLS=https://debuginfod.ubuntu.com /usr/bin/cmake --install /home/user/RoDEP/room_serching/labroom-searching/ros_ws/build/joy_display
[13.235s] Level 1:colcon.colcon_core.environment:checking '/home/user/RoDEP/room_serching/labroom-searching/ros_ws/install/joy_display' for CMake module files
[13.236s] Level 1:colcon.colcon_core.environment:checking '/home/user/RoDEP/room_serching/labroom-searching/ros_ws/install/joy_display' for CMake config files
[13.236s] Level 1:colcon.colcon_core.shell:create_environment_hook('joy_display', 'cmake_prefix_path')
[13.236s] INFO:colcon.colcon_core.shell:Creating environment hook '/home/user/RoDEP/room_serching/labroom-searching/ros_ws/install/joy_display/share/joy_display/hook/cmake_prefix_path.ps1'
[13.238s] INFO:colcon.colcon_core.shell:Creating environment descriptor '/home/user/RoDEP/room_serching/labroom-searching/ros_ws/install/joy_display/share/joy_display/hook/cmake_prefix_path.dsv'
[13.239s] INFO:colcon.colcon_core.shell:Creating environment hook '/home/user/RoDEP/room_serching/labroom-searching/ros_ws/install/joy_display/share/joy_display/hook/cmake_prefix_path.sh'
[13.240s] Level 1:colcon.colcon_core.environment:checking '/home/user/RoDEP/room_serching/labroom-searching/ros_ws/install/joy_display/lib'
[13.241s] Level 1:colcon.colcon_core.environment:checking '/home/user/RoDEP/room_serching/labroom-searching/ros_ws/install/joy_display/bin'
[13.241s] Level 1:colcon.colcon_core.environment:checking '/home/user/RoDEP/room_serching/labroom-searching/ros_ws/install/joy_display/lib/pkgconfig/joy_display.pc'
[13.241s] Level 1:colcon.colcon_core.environment:checking '/home/user/RoDEP/room_serching/labroom-searching/ros_ws/install/joy_display/lib/python3.12/site-packages'
[13.241s] Level 1:colcon.colcon_core.environment:checking '/home/user/RoDEP/room_serching/labroom-searching/ros_ws/install/joy_display/bin'
[13.241s] INFO:colcon.colcon_core.shell:Creating package script '/home/user/RoDEP/room_serching/labroom-searching/ros_ws/install/joy_display/share/joy_display/package.ps1'
[13.243s] INFO:colcon.colcon_core.shell:Creating package descriptor '/home/user/RoDEP/room_serching/labroom-searching/ros_ws/install/joy_display/share/joy_display/package.dsv'
[13.244s] INFO:colcon.colcon_core.shell:Creating package script '/home/user/RoDEP/room_serching/labroom-searching/ros_ws/install/joy_display/share/joy_display/package.sh'
[13.245s] INFO:colcon.colcon_core.shell:Creating package script '/home/user/RoDEP/room_serching/labroom-searching/ros_ws/install/joy_display/share/joy_display/package.bash'
[13.247s] INFO:colcon.colcon_core.shell:Creating package script '/home/user/RoDEP/room_serching/labroom-searching/ros_ws/install/joy_display/share/joy_display/package.zsh'
[13.248s] Level 1:colcon.colcon_core.environment:create_file_with_runtime_dependencies(/home/user/RoDEP/room_serching/labroom-searching/ros_ws/install/joy_display/share/colcon-core/packages/joy_display)
[13.248s] Level 1:colcon.colcon_core.environment:create_environment_scripts_only(joy_display)
[13.248s] Level 1:colcon.colcon_core.environment:checking '/home/user/RoDEP/room_serching/labroom-searching/ros_ws/install/joy_display' for CMake module files
[13.249s] Level 1:colcon.colcon_core.environment:checking '/home/user/RoDEP/room_serching/labroom-searching/ros_ws/install/joy_display' for CMake config files
[13.249s] Level 1:colcon.colcon_core.shell:create_environment_hook('joy_display', 'cmake_prefix_path')
[13.249s] INFO:colcon.colcon_core.shell:Creating environment hook '/home/user/RoDEP/room_serching/labroom-searching/ros_ws/install/joy_display/share/joy_display/hook/cmake_prefix_path.ps1'
[13.250s] INFO:colcon.colcon_core.shell:Creating environment descriptor '/home/user/RoDEP/room_serching/labroom-searching/ros_ws/install/joy_display/share/joy_display/hook/cmake_prefix_path.dsv'
[13.250s] INFO:colcon.colcon_core.shell:Creating environment hook '/home/user/RoDEP/room_serching/labroom-searching/ros_ws/install/joy_display/share/joy_display/hook/cmake_prefix_path.sh'
[13.251s] Level 1:colcon.colcon_core.environment:checking '/home/user/RoDEP/room_serching/labroom-searching/ros_ws/install/joy_display/lib'
[13.251s] Level 1:colcon.colcon_core.environment:checking '/home/user/RoDEP/room_serching/labroom-searching/ros_ws/install/joy_display/bin'
[13.251s] Level 1:colcon.colcon_core.environment:checking '/home/user/RoDEP/room_serching/labroom-searching/ros_ws/install/joy_display/lib/pkgconfig/joy_display.pc'
[13.251s] Level 1:colcon.colcon_core.environment:checking '/home/user/RoDEP/room_serching/labroom-searching/ros_ws/install/joy_display/lib/python3.12/site-packages'
[13.252s] Level 1:colcon.colcon_core.environment:checking '/home/user/RoDEP/room_serching/labroom-searching/ros_ws/install/joy_display/bin'
[13.252s] INFO:colcon.colcon_core.shell:Creating package script '/home/user/RoDEP/room_serching/labroom-searching/ros_ws/install/joy_display/share/joy_display/package.ps1'
[13.252s] INFO:colcon.colcon_core.shell:Creating package descriptor '/home/user/RoDEP/room_serching/labroom-searching/ros_ws/install/joy_display/share/joy_display/package.dsv'
[13.253s] INFO:colcon.colcon_core.shell:Creating package script '/home/user/RoDEP/room_serching/labroom-searching/ros_ws/install/joy_display/share/joy_display/package.sh'
[13.253s] INFO:colcon.colcon_core.shell:Creating package script '/home/user/RoDEP/room_serching/labroom-searching/ros_ws/install/joy_display/share/joy_display/package.bash'
[13.254s] INFO:colcon.colcon_core.shell:Creating package script '/home/user/RoDEP/room_serching/labroom-searching/ros_ws/install/joy_display/share/joy_display/package.zsh'
[13.254s] Level 1:colcon.colcon_core.environment:create_file_with_runtime_dependencies(/home/user/RoDEP/room_serching/labroom-searching/ros_ws/install/joy_display/share/colcon-core/packages/joy_display)
[13.254s] DEBUG:colcon.colcon_parallel_executor.executor.parallel:closing loop
[13.254s] DEBUG:colcon.colcon_parallel_executor.executor.parallel:loop closed
[13.255s] DEBUG:colcon.colcon_parallel_executor.executor.parallel:run_until_complete finished with '0'
[13.255s] DEBUG:colcon.colcon_core.event_reactor:joining thread
[13.290s] INFO:colcon.colcon_core.plugin_system:Skipping extension 'colcon_notification.desktop_notification.terminal_notifier': Not used on non-Darwin systems
[13.290s] INFO:colcon.colcon_core.plugin_system:Skipping extension 'colcon_notification.desktop_notification.win32': Not used on non-Windows systems
[13.290s] INFO:colcon.colcon_notification.desktop_notification:Sending desktop notification using 'notify2'
[13.295s] DEBUG:colcon.colcon_notification.desktop_notification.notify2:Failed to initialize notify2: org.freedesktop.DBus.Error.ServiceUnknown: The name org.freedesktop.Notifications was not provided by any .service files
[13.296s] DEBUG:colcon.colcon_core.event_reactor:joined thread
[13.296s] INFO:colcon.colcon_core.shell:Creating prefix script '/home/user/RoDEP/room_serching/labroom-searching/ros_ws/install/local_setup.ps1'
[13.297s] INFO:colcon.colcon_core.shell:Creating prefix util module '/home/user/RoDEP/room_serching/labroom-searching/ros_ws/install/_local_setup_util_ps1.py'
[13.299s] INFO:colcon.colcon_core.shell:Creating prefix chain script '/home/user/RoDEP/room_serching/labroom-searching/ros_ws/install/setup.ps1'
[13.301s] INFO:colcon.colcon_core.shell:Creating prefix script '/home/user/RoDEP/room_serching/labroom-searching/ros_ws/install/local_setup.sh'
[13.302s] INFO:colcon.colcon_core.shell:Creating prefix util module '/home/user/RoDEP/room_serching/labroom-searching/ros_ws/install/_local_setup_util_sh.py'
[13.302s] INFO:colcon.colcon_core.shell:Creating prefix chain script '/home/user/RoDEP/room_serching/labroom-searching/ros_ws/install/setup.sh'
[13.304s] INFO:colcon.colcon_core.shell:Creating prefix script '/home/user/RoDEP/room_serching/labroom-searching/ros_ws/install/local_setup.bash'
[13.305s] INFO:colcon.colcon_core.shell:Creating prefix chain script '/home/user/RoDEP/room_serching/labroom-searching/ros_ws/install/setup.bash'
[13.307s] INFO:colcon.colcon_core.shell:Creating prefix script '/home/user/RoDEP/room_serching/labroom-searching/ros_ws/install/local_setup.zsh'
[13.308s] INFO:colcon.colcon_core.shell:Creating prefix chain script '/home/user/RoDEP/room_serching/labroom-searching/ros_ws/install/setup.zsh'
