-- Found ament_cmake: 2.5.4 (/opt/ros/jazzy/share/ament_cmake/cmake)
-- Found rclcpp: 28.1.12 (/opt/ros/jazzy/share/rclcpp/cmake)
-- Found rosidl_generator_c: 4.6.6 (/opt/ros/jazzy/share/rosidl_generator_c/cmake)
-- Found rosidl_generator_cpp: 4.6.6 (/opt/ros/jazzy/share/rosidl_generator_cpp/cmake)
-- Using all available rosidl_typesupport_c: rosidl_typesupport_fastrtps_c;rosidl_typesupport_introspection_c
-- Using all available rosidl_typesupport_cpp: rosidl_typesupport_fastrtps_cpp;rosidl_typesupport_introspection_cpp
-- Found rmw_implementation_cmake: 7.3.2 (/opt/ros/jazzy/share/rmw_implementation_cmake/cmake)
-- Found rmw_fastrtps_cpp: 8.4.3 (/opt/ros/jazzy/share/rmw_fastrtps_cpp/cmake)
-- Using RMW implementation 'rmw_fastrtps_cpp' as default
-- Found sensor_msgs: 5.3.6 (/opt/ros/jazzy/share/sensor_msgs/cmake)
-- Found ament_lint_auto: 0.17.3 (/opt/ros/jazzy/share/ament_lint_auto/cmake)
-- Added test 'cppcheck' to perform static code analysis on C / C++ code
-- Configured cppcheck include dirs: 
-- Configured cppcheck exclude dirs and/or files: 
-- Added test 'lint_cmake' to check CMake code style
-- Added test 'uncrustify' to check C / C++ code style
-- Configured uncrustify additional arguments: 
-- Added test 'xmllint' to check XML markup files
-- Configuring done (2.1s)
-- Generating done (0.0s)
-- Build files have been written to: /home/user/RoDEP/room_serching/labroom-searching/ros_ws/build/joy_display
[ 50%] [32mBuilding CXX object CMakeFiles/joy_display.dir/src/joy_display.cpp.o[0m
[100%] [32m[1mLinking CXX executable joy_display[0m
[100%] Built target joy_display
-- Install configuration: ""
-- Up-to-date: /home/user/RoDEP/room_serching/labroom-searching/ros_ws/install/joy_display/share/ament_index/resource_index/package_run_dependencies/joy_display
-- Up-to-date: /home/user/RoDEP/room_serching/labroom-searching/ros_ws/install/joy_display/share/ament_index/resource_index/parent_prefix_path/joy_display
-- Up-to-date: /home/user/RoDEP/room_serching/labroom-searching/ros_ws/install/joy_display/share/joy_display/environment/ament_prefix_path.sh
-- Up-to-date: /home/user/RoDEP/room_serching/labroom-searching/ros_ws/install/joy_display/share/joy_display/environment/ament_prefix_path.dsv
-- Up-to-date: /home/user/RoDEP/room_serching/labroom-searching/ros_ws/install/joy_display/share/joy_display/environment/path.sh
-- Up-to-date: /home/user/RoDEP/room_serching/labroom-searching/ros_ws/install/joy_display/share/joy_display/environment/path.dsv
-- Up-to-date: /home/user/RoDEP/room_serching/labroom-searching/ros_ws/install/joy_display/share/joy_display/local_setup.bash
-- Up-to-date: /home/user/RoDEP/room_serching/labroom-searching/ros_ws/install/joy_display/share/joy_display/local_setup.sh
-- Up-to-date: /home/user/RoDEP/room_serching/labroom-searching/ros_ws/install/joy_display/share/joy_display/local_setup.zsh
-- Up-to-date: /home/user/RoDEP/room_serching/labroom-searching/ros_ws/install/joy_display/share/joy_display/local_setup.dsv
-- Up-to-date: /home/user/RoDEP/room_serching/labroom-searching/ros_ws/install/joy_display/share/joy_display/package.dsv
-- Up-to-date: /home/user/RoDEP/room_serching/labroom-searching/ros_ws/install/joy_display/share/ament_index/resource_index/packages/joy_display
-- Up-to-date: /home/user/RoDEP/room_serching/labroom-searching/ros_ws/install/joy_display/share/joy_display/cmake/joy_displayConfig.cmake
-- Up-to-date: /home/user/RoDEP/room_serching/labroom-searching/ros_ws/install/joy_display/share/joy_display/cmake/joy_displayConfig-version.cmake
-- Up-to-date: /home/user/RoDEP/room_serching/labroom-searching/ros_ws/install/joy_display/share/joy_display/package.xml
-- Installing: /home/user/RoDEP/room_serching/labroom-searching/ros_ws/install/joy_display/lib/joy_display/joy_display
-- Set non-toolchain portion of runtime path of "/home/user/RoDEP/room_serching/labroom-searching/ros_ws/install/joy_display/lib/joy_display/joy_display" to ""
