[0.016s] Invoking command in '/home/user/labroom-searching/ros_ws/src/lidar/build/lidar': CMAKE_PREFIX_PATH=${CMAKE_PREFIX_PATH}:/opt/ros/jazzy DEBUGINFOD_URLS=https://debuginfod.ubuntu.com /usr/bin/cmake /home/user/labroom-searching/ros_ws/src/lidar -DAMENT_CMAKE_SYMLINK_INSTALL=1 -DCMAKE_INSTALL_PREFIX=/home/user/labroom-searching/ros_ws/src/lidar/install/lidar
[0.492s] -- The C compiler identification is GNU 13.3.0
[1.918s] -- The CXX compiler identification is GNU 13.3.0
[3.063s] -- Detecting C compiler ABI info
[3.512s] -- Detecting C compiler ABI info - done
[3.528s] -- Check for working C compiler: /usr/bin/cc - skipped
[3.531s] -- Detecting C compile features
[3.532s] -- Detecting C compile features - done
[3.752s] -- Detecting CXX compiler ABI info
[4.257s] -- Detecting CXX compiler ABI info - done
[4.270s] -- Check for working CXX compiler: /usr/bin/c++ - skipped
[4.270s] -- Detecting CXX compile features
[4.271s] -- Detecting CXX compile features - done
[4.294s] -- Found ament_cmake: 2.5.4 (/opt/ros/jazzy/share/ament_cmake/cmake)
[4.450s] -- Found Python3: /usr/bin/python3 (found version "3.12.3") found components: Interpreter 
[4.551s] -- Override CMake install command with custom implementation using symlinks instead of copying resources
[4.590s] -- Found ament_lint_auto: 0.17.2 (/opt/ros/jazzy/share/ament_lint_auto/cmake)
[4.806s] -- Added test 'cppcheck' to perform static code analysis on C / C++ code
[4.806s] -- Configured cppcheck include dirs: 
[4.806s] -- Configured cppcheck exclude dirs and/or files: 
[4.813s] -- Added test 'flake8' to check Python code syntax and style conventions
[4.813s] -- Configured 'flake8' exclude dirs and/or files: 
[4.820s] -- Added test 'lint_cmake' to check CMake code style
[4.823s] -- Added test 'pep257' to check Python code against some of the docstring style conventions in PEP 257
[4.839s] -- Added test 'uncrustify' to check C / C++ code style
[4.839s] -- Configured uncrustify additional arguments: 
[4.847s] -- Added test 'xmllint' to check XML markup files
[4.856s] -- Configuring done (4.8s)
[4.861s] -- Generating done (0.0s)
[4.864s] -- Build files have been written to: /home/user/labroom-searching/ros_ws/src/lidar/build/lidar
[4.868s] Invoked command in '/home/user/labroom-searching/ros_ws/src/lidar/build/lidar' returned '0': CMAKE_PREFIX_PATH=${CMAKE_PREFIX_PATH}:/opt/ros/jazzy DEBUGINFOD_URLS=https://debuginfod.ubuntu.com /usr/bin/cmake /home/user/labroom-searching/ros_ws/src/lidar -DAMENT_CMAKE_SYMLINK_INSTALL=1 -DCMAKE_INSTALL_PREFIX=/home/user/labroom-searching/ros_ws/src/lidar/install/lidar
[4.869s] Invoking command in '/home/user/labroom-searching/ros_ws/src/lidar/build/lidar': CMAKE_PREFIX_PATH=${CMAKE_PREFIX_PATH}:/opt/ros/jazzy DEBUGINFOD_URLS=https://debuginfod.ubuntu.com /usr/bin/cmake --build /home/user/labroom-searching/ros_ws/src/lidar/build/lidar -- -j12 -l12
[4.902s] Invoked command in '/home/user/labroom-searching/ros_ws/src/lidar/build/lidar' returned '0': CMAKE_PREFIX_PATH=${CMAKE_PREFIX_PATH}:/opt/ros/jazzy DEBUGINFOD_URLS=https://debuginfod.ubuntu.com /usr/bin/cmake --build /home/user/labroom-searching/ros_ws/src/lidar/build/lidar -- -j12 -l12
[4.909s] Invoking command in '/home/user/labroom-searching/ros_ws/src/lidar/build/lidar': CMAKE_PREFIX_PATH=${CMAKE_PREFIX_PATH}:/opt/ros/jazzy DEBUGINFOD_URLS=https://debuginfod.ubuntu.com /usr/bin/cmake --install /home/user/labroom-searching/ros_ws/src/lidar/build/lidar
[4.916s] -- Install configuration: ""
[4.916s] -- Execute custom install script
[4.916s] -- Symlinking: /home/user/labroom-searching/ros_ws/src/lidar/install/lidar/share/ament_index/resource_index/package_run_dependencies/lidar
[4.923s] -- Symlinking: /home/user/labroom-searching/ros_ws/src/lidar/install/lidar/share/ament_index/resource_index/parent_prefix_path/lidar
[4.931s] -- Symlinking: /home/user/labroom-searching/ros_ws/src/lidar/install/lidar/share/lidar/environment/ament_prefix_path.sh
[4.938s] -- Symlinking: /home/user/labroom-searching/ros_ws/src/lidar/install/lidar/share/lidar/environment/ament_prefix_path.dsv
[4.945s] -- Symlinking: /home/user/labroom-searching/ros_ws/src/lidar/install/lidar/share/lidar/environment/path.sh
[4.952s] -- Symlinking: /home/user/labroom-searching/ros_ws/src/lidar/install/lidar/share/lidar/environment/path.dsv
[4.959s] -- Symlinking: /home/user/labroom-searching/ros_ws/src/lidar/install/lidar/share/lidar/local_setup.bash
[4.966s] -- Symlinking: /home/user/labroom-searching/ros_ws/src/lidar/install/lidar/share/lidar/local_setup.sh
[4.972s] -- Symlinking: /home/user/labroom-searching/ros_ws/src/lidar/install/lidar/share/lidar/local_setup.zsh
[4.980s] -- Symlinking: /home/user/labroom-searching/ros_ws/src/lidar/install/lidar/share/lidar/local_setup.dsv
[4.986s] -- Symlinking: /home/user/labroom-searching/ros_ws/src/lidar/install/lidar/share/lidar/package.dsv
[4.993s] -- Symlinking: /home/user/labroom-searching/ros_ws/src/lidar/install/lidar/share/ament_index/resource_index/packages/lidar
[5.000s] -- Symlinking: /home/user/labroom-searching/ros_ws/src/lidar/install/lidar/share/lidar/cmake/lidarConfig.cmake
[5.007s] -- Symlinking: /home/user/labroom-searching/ros_ws/src/lidar/install/lidar/share/lidar/cmake/lidarConfig-version.cmake
[5.015s] -- Symlinking: /home/user/labroom-searching/ros_ws/src/lidar/install/lidar/share/lidar/package.xml
[5.023s] Invoked command in '/home/user/labroom-searching/ros_ws/src/lidar/build/lidar' returned '0': CMAKE_PREFIX_PATH=${CMAKE_PREFIX_PATH}:/opt/ros/jazzy DEBUGINFOD_URLS=https://debuginfod.ubuntu.com /usr/bin/cmake --install /home/user/labroom-searching/ros_ws/src/lidar/build/lidar
