[0.729s] DEBUG:colcon:Command line arguments: ['/usr/bin/colcon', 'build', '--packages-select', 'joy_display']
[0.729s] DEBUG:colcon:Parsed command line arguments: Namespace(log_base=None, log_level=None, verb_name='build', build_base='build', install_base='install', merge_install=False, symlink_install=False, test_result_base=None, continue_on_error=False, executor='parallel', parallel_workers=14, event_handlers=None, ignore_user_meta=False, metas=['./colcon.meta'], base_paths=['.'], packages_ignore=None, packages_ignore_regex=None, paths=None, packages_up_to=None, packages_up_to_regex=None, packages_above=None, packages_above_and_dependencies=None, packages_above_depth=None, packages_select_by_dep=None, packages_skip_by_dep=None, packages_skip_up_to=None, packages_select_build_failed=False, packages_skip_build_finished=False, packages_select_test_failures=False, packages_skip_test_passed=False, packages_select=['joy_display'], packages_skip=None, packages_select_regex=None, packages_skip_regex=None, packages_start=None, packages_end=None, allow_overriding=[], cmake_args=None, cmake_target=None, cmake_target_skip_unavailable=False, cmake_clean_cache=False, cmake_clean_first=False, cmake_force_configure=False, ament_cmake_args=None, catkin_cmake_args=None, catkin_skip_building_tests=False, mixin_files=None, mixin=None, verb_parser=<colcon_mixin.mixin.mixin_argument.MixinArgumentDecorator object at 0x7f44500152b0>, verb_extension=<colcon_core.verb.build.BuildVerb object at 0x7f4450015040>, main=<bound method BuildVerb.main of <colcon_core.verb.build.BuildVerb object at 0x7f4450015040>>, mixin_verb=('build',))
[0.887s] Level 1:colcon.colcon_core.package_discovery:discover_packages(colcon_meta) check parameters
[0.887s] Level 1:colcon.colcon_core.package_discovery:discover_packages(recursive) check parameters
[0.887s] Level 1:colcon.colcon_core.package_discovery:discover_packages(ignore) check parameters
[0.887s] Level 1:colcon.colcon_core.package_discovery:discover_packages(path) check parameters
[0.887s] Level 1:colcon.colcon_core.package_discovery:discover_packages(colcon_meta) discover
[0.887s] Level 1:colcon.colcon_core.package_discovery:discover_packages(recursive) discover
[0.887s] INFO:colcon.colcon_core.package_discovery:Crawling recursively for packages in '/home/user/RoDEP/room_serching/labroom-searching/ros_ws'
[0.887s] Level 1:colcon.colcon_core.package_identification:_identify(.) by extensions ['ignore', 'ignore_ament_install']
[0.888s] Level 1:colcon.colcon_core.package_identification:_identify(.) by extension 'ignore'
[0.888s] Level 1:colcon.colcon_core.package_identification:_identify(.) by extension 'ignore_ament_install'
[0.888s] Level 1:colcon.colcon_core.package_identification:_identify(.) by extensions ['colcon_pkg']
[0.888s] Level 1:colcon.colcon_core.package_identification:_identify(.) by extension 'colcon_pkg'
[0.888s] Level 1:colcon.colcon_core.package_identification:_identify(.) by extensions ['colcon_meta']
[0.888s] Level 1:colcon.colcon_core.package_identification:_identify(.) by extension 'colcon_meta'
[0.888s] Level 1:colcon.colcon_core.package_identification:_identify(.) by extensions ['ros']
[0.888s] Level 1:colcon.colcon_core.package_identification:_identify(.) by extension 'ros'
[0.952s] Level 1:colcon.colcon_core.package_identification:_identify(.) by extensions ['cmake', 'python']
[0.952s] Level 1:colcon.colcon_core.package_identification:_identify(.) by extension 'cmake'
[0.952s] Level 1:colcon.colcon_core.package_identification:_identify(.) by extension 'python'
[0.952s] Level 1:colcon.colcon_core.package_identification:_identify(.) by extensions ['python_setup_py']
[0.952s] Level 1:colcon.colcon_core.package_identification:_identify(.) by extension 'python_setup_py'
[0.953s] Level 1:colcon.colcon_core.package_identification:_identify(build) by extensions ['ignore', 'ignore_ament_install']
[0.953s] Level 1:colcon.colcon_core.package_identification:_identify(build) by extension 'ignore'
[0.953s] Level 1:colcon.colcon_core.package_identification:_identify(build) ignored
[0.954s] Level 1:colcon.colcon_core.package_identification:_identify(install) by extensions ['ignore', 'ignore_ament_install']
[0.954s] Level 1:colcon.colcon_core.package_identification:_identify(install) by extension 'ignore'
[0.954s] Level 1:colcon.colcon_core.package_identification:_identify(install) ignored
[0.954s] Level 1:colcon.colcon_core.package_identification:_identify(log) by extensions ['ignore', 'ignore_ament_install']
[0.954s] Level 1:colcon.colcon_core.package_identification:_identify(log) by extension 'ignore'
[0.954s] Level 1:colcon.colcon_core.package_identification:_identify(log) ignored
[0.955s] Level 1:colcon.colcon_core.package_identification:_identify(src) by extensions ['ignore', 'ignore_ament_install']
[0.955s] Level 1:colcon.colcon_core.package_identification:_identify(src) by extension 'ignore'
[0.955s] Level 1:colcon.colcon_core.package_identification:_identify(src) by extension 'ignore_ament_install'
[0.956s] Level 1:colcon.colcon_core.package_identification:_identify(src) by extensions ['colcon_pkg']
[0.956s] Level 1:colcon.colcon_core.package_identification:_identify(src) by extension 'colcon_pkg'
[0.956s] Level 1:colcon.colcon_core.package_identification:_identify(src) by extensions ['colcon_meta']
[0.956s] Level 1:colcon.colcon_core.package_identification:_identify(src) by extension 'colcon_meta'
[0.956s] Level 1:colcon.colcon_core.package_identification:_identify(src) by extensions ['ros']
[0.956s] Level 1:colcon.colcon_core.package_identification:_identify(src) by extension 'ros'
[0.956s] Level 1:colcon.colcon_core.package_identification:_identify(src) by extensions ['cmake', 'python']
[0.956s] Level 1:colcon.colcon_core.package_identification:_identify(src) by extension 'cmake'
[0.956s] Level 1:colcon.colcon_core.package_identification:_identify(src) by extension 'python'
[0.956s] Level 1:colcon.colcon_core.package_identification:_identify(src) by extensions ['python_setup_py']
[0.956s] Level 1:colcon.colcon_core.package_identification:_identify(src) by extension 'python_setup_py'
[0.957s] Level 1:colcon.colcon_core.package_identification:_identify(src/joy_display) by extensions ['ignore', 'ignore_ament_install']
[0.957s] Level 1:colcon.colcon_core.package_identification:_identify(src/joy_display) by extension 'ignore'
[0.957s] Level 1:colcon.colcon_core.package_identification:_identify(src/joy_display) by extension 'ignore_ament_install'
[0.957s] Level 1:colcon.colcon_core.package_identification:_identify(src/joy_display) by extensions ['colcon_pkg']
[0.957s] Level 1:colcon.colcon_core.package_identification:_identify(src/joy_display) by extension 'colcon_pkg'
[0.957s] Level 1:colcon.colcon_core.package_identification:_identify(src/joy_display) by extensions ['colcon_meta']
[0.957s] Level 1:colcon.colcon_core.package_identification:_identify(src/joy_display) by extension 'colcon_meta'
[0.957s] Level 1:colcon.colcon_core.package_identification:_identify(src/joy_display) by extensions ['ros']
[0.957s] Level 1:colcon.colcon_core.package_identification:_identify(src/joy_display) by extension 'ros'
[0.969s] DEBUG:colcon.colcon_core.package_identification:Package 'src/joy_display' with type 'ros.ament_cmake' and name 'joy_display'
[0.970s] Level 1:colcon.colcon_core.package_identification:_identify(src/wheel_driver) by extensions ['ignore', 'ignore_ament_install']
[0.970s] Level 1:colcon.colcon_core.package_identification:_identify(src/wheel_driver) by extension 'ignore'
[0.970s] Level 1:colcon.colcon_core.package_identification:_identify(src/wheel_driver) by extension 'ignore_ament_install'
[0.970s] Level 1:colcon.colcon_core.package_identification:_identify(src/wheel_driver) by extensions ['colcon_pkg']
[0.970s] Level 1:colcon.colcon_core.package_identification:_identify(src/wheel_driver) by extension 'colcon_pkg'
[0.970s] Level 1:colcon.colcon_core.package_identification:_identify(src/wheel_driver) by extensions ['colcon_meta']
[0.970s] Level 1:colcon.colcon_core.package_identification:_identify(src/wheel_driver) by extension 'colcon_meta'
[0.971s] Level 1:colcon.colcon_core.package_identification:_identify(src/wheel_driver) by extensions ['ros']
[0.971s] Level 1:colcon.colcon_core.package_identification:_identify(src/wheel_driver) by extension 'ros'
[0.973s] DEBUG:colcon.colcon_core.package_identification:Package 'src/wheel_driver' with type 'ros.ament_cmake' and name 'wheel_driver'
[0.973s] Level 1:colcon.colcon_core.package_discovery:discover_packages(recursive) using defaults
[0.973s] Level 1:colcon.colcon_core.package_discovery:discover_packages(ignore) discover
[0.973s] Level 1:colcon.colcon_core.package_discovery:discover_packages(ignore) using defaults
[0.973s] Level 1:colcon.colcon_core.package_discovery:discover_packages(path) discover
[0.973s] Level 1:colcon.colcon_core.package_discovery:discover_packages(path) using defaults
[1.036s] INFO:colcon.colcon_core.package_selection:Skipping not selected package 'wheel_driver' in 'src/wheel_driver'
[1.037s] Level 1:colcon.colcon_core.package_discovery:discover_packages(prefix_path) check parameters
[1.037s] Level 1:colcon.colcon_core.package_discovery:discover_packages(prefix_path) discover
[1.053s] DEBUG:colcon.colcon_installed_package_information.package_discovery:Found 345 installed packages in /opt/ros/jazzy
[1.056s] Level 1:colcon.colcon_core.package_discovery:discover_packages(prefix_path) using defaults
[1.244s] Level 5:colcon.colcon_core.verb:set package 'joy_display' build argument 'cmake_args' from command line to 'None'
[1.244s] Level 5:colcon.colcon_core.verb:set package 'joy_display' build argument 'cmake_target' from command line to 'None'
[1.244s] Level 5:colcon.colcon_core.verb:set package 'joy_display' build argument 'cmake_target_skip_unavailable' from command line to 'False'
[1.245s] Level 5:colcon.colcon_core.verb:set package 'joy_display' build argument 'cmake_clean_cache' from command line to 'False'
[1.245s] Level 5:colcon.colcon_core.verb:set package 'joy_display' build argument 'cmake_clean_first' from command line to 'False'
[1.245s] Level 5:colcon.colcon_core.verb:set package 'joy_display' build argument 'cmake_force_configure' from command line to 'False'
[1.245s] Level 5:colcon.colcon_core.verb:set package 'joy_display' build argument 'ament_cmake_args' from command line to 'None'
[1.245s] Level 5:colcon.colcon_core.verb:set package 'joy_display' build argument 'catkin_cmake_args' from command line to 'None'
[1.245s] Level 5:colcon.colcon_core.verb:set package 'joy_display' build argument 'catkin_skip_building_tests' from command line to 'False'
[1.245s] DEBUG:colcon.colcon_core.verb:Building package 'joy_display' with the following arguments: {'ament_cmake_args': None, 'build_base': '/home/user/RoDEP/room_serching/labroom-searching/ros_ws/build/joy_display', 'catkin_cmake_args': None, 'catkin_skip_building_tests': False, 'cmake_args': None, 'cmake_clean_cache': False, 'cmake_clean_first': False, 'cmake_force_configure': False, 'cmake_target': None, 'cmake_target_skip_unavailable': False, 'install_base': '/home/user/RoDEP/room_serching/labroom-searching/ros_ws/install/joy_display', 'merge_install': False, 'path': '/home/user/RoDEP/room_serching/labroom-searching/ros_ws/src/joy_display', 'symlink_install': False, 'test_result_base': None}
[1.245s] INFO:colcon.colcon_core.executor:Executing jobs using 'parallel' executor
[1.246s] DEBUG:colcon.colcon_parallel_executor.executor.parallel:run_until_complete
[1.246s] INFO:colcon.colcon_ros.task.ament_cmake.build:Building ROS package in '/home/user/RoDEP/room_serching/labroom-searching/ros_ws/src/joy_display' with build type 'ament_cmake'
[1.246s] INFO:colcon.colcon_cmake.task.cmake.build:Building CMake package in '/home/user/RoDEP/room_serching/labroom-searching/ros_ws/src/joy_display'
[1.258s] INFO:colcon.colcon_core.plugin_system:Skipping extension 'colcon_core.shell.bat': Not used on non-Windows systems
[1.258s] INFO:colcon.colcon_core.shell:Skip shell extension 'powershell' for command environment: Not usable outside of PowerShell
[1.258s] DEBUG:colcon.colcon_core.shell:Skip shell extension 'dsv' for command environment
[1.284s] DEBUG:colcon.colcon_core.event_handler.log_command:Invoking command in '/home/user/RoDEP/room_serching/labroom-searching/ros_ws/build/joy_display': CMAKE_PREFIX_PATH=${CMAKE_PREFIX_PATH}:/opt/ros/jazzy DEBUGINFOD_URLS=https://debuginfod.ubuntu.com /usr/bin/cmake /home/user/RoDEP/room_serching/labroom-searching/ros_ws/src/joy_display -DCMAKE_INSTALL_PREFIX=/home/user/RoDEP/room_serching/labroom-searching/ros_ws/install/joy_display
[4.913s] DEBUG:colcon.colcon_core.event_handler.log_command:Invoked command in '/home/user/RoDEP/room_serching/labroom-searching/ros_ws/build/joy_display' returned '0': CMAKE_PREFIX_PATH=${CMAKE_PREFIX_PATH}:/opt/ros/jazzy DEBUGINFOD_URLS=https://debuginfod.ubuntu.com /usr/bin/cmake /home/user/RoDEP/room_serching/labroom-searching/ros_ws/src/joy_display -DCMAKE_INSTALL_PREFIX=/home/user/RoDEP/room_serching/labroom-searching/ros_ws/install/joy_display
[4.915s] DEBUG:colcon.colcon_core.event_handler.log_command:Invoking command in '/home/user/RoDEP/room_serching/labroom-searching/ros_ws/build/joy_display': CMAKE_PREFIX_PATH=${CMAKE_PREFIX_PATH}:/opt/ros/jazzy DEBUGINFOD_URLS=https://debuginfod.ubuntu.com /usr/bin/cmake --build /home/user/RoDEP/room_serching/labroom-searching/ros_ws/build/joy_display -- -j14 -l14
[4.953s] DEBUG:colcon.colcon_core.event_handler.log_command:Invoked command in '/home/user/RoDEP/room_serching/labroom-searching/ros_ws/build/joy_display' returned '0': CMAKE_PREFIX_PATH=${CMAKE_PREFIX_PATH}:/opt/ros/jazzy DEBUGINFOD_URLS=https://debuginfod.ubuntu.com /usr/bin/cmake --build /home/user/RoDEP/room_serching/labroom-searching/ros_ws/build/joy_display -- -j14 -l14
[4.962s] DEBUG:colcon.colcon_core.event_handler.log_command:Invoking command in '/home/user/RoDEP/room_serching/labroom-searching/ros_ws/build/joy_display': CMAKE_PREFIX_PATH=${CMAKE_PREFIX_PATH}:/opt/ros/jazzy DEBUGINFOD_URLS=https://debuginfod.ubuntu.com /usr/bin/cmake --install /home/user/RoDEP/room_serching/labroom-searching/ros_ws/build/joy_display
[4.980s] Level 1:colcon.colcon_core.environment:create_environment_scripts_only(joy_display)
[4.981s] DEBUG:colcon.colcon_core.event_handler.log_command:Invoked command in '/home/user/RoDEP/room_serching/labroom-searching/ros_ws/build/joy_display' returned '0': CMAKE_PREFIX_PATH=${CMAKE_PREFIX_PATH}:/opt/ros/jazzy DEBUGINFOD_URLS=https://debuginfod.ubuntu.com /usr/bin/cmake --install /home/user/RoDEP/room_serching/labroom-searching/ros_ws/build/joy_display
[4.990s] Level 1:colcon.colcon_core.environment:checking '/home/user/RoDEP/room_serching/labroom-searching/ros_ws/install/joy_display' for CMake module files
[4.990s] Level 1:colcon.colcon_core.environment:checking '/home/user/RoDEP/room_serching/labroom-searching/ros_ws/install/joy_display' for CMake config files
[4.991s] Level 1:colcon.colcon_core.shell:create_environment_hook('joy_display', 'cmake_prefix_path')
[4.991s] INFO:colcon.colcon_core.shell:Creating environment hook '/home/user/RoDEP/room_serching/labroom-searching/ros_ws/install/joy_display/share/joy_display/hook/cmake_prefix_path.ps1'
[4.992s] INFO:colcon.colcon_core.shell:Creating environment descriptor '/home/user/RoDEP/room_serching/labroom-searching/ros_ws/install/joy_display/share/joy_display/hook/cmake_prefix_path.dsv'
[4.993s] INFO:colcon.colcon_core.shell:Creating environment hook '/home/user/RoDEP/room_serching/labroom-searching/ros_ws/install/joy_display/share/joy_display/hook/cmake_prefix_path.sh'
[4.995s] Level 1:colcon.colcon_core.environment:checking '/home/user/RoDEP/room_serching/labroom-searching/ros_ws/install/joy_display/bin'
[4.995s] Level 1:colcon.colcon_core.environment:checking '/home/user/RoDEP/room_serching/labroom-searching/ros_ws/install/joy_display/lib/pkgconfig/joy_display.pc'
[4.995s] Level 1:colcon.colcon_core.environment:checking '/home/user/RoDEP/room_serching/labroom-searching/ros_ws/install/joy_display/lib/python3.12/site-packages'
[4.996s] Level 1:colcon.colcon_core.environment:checking '/home/user/RoDEP/room_serching/labroom-searching/ros_ws/install/joy_display/bin'
[4.997s] INFO:colcon.colcon_core.shell:Creating package script '/home/user/RoDEP/room_serching/labroom-searching/ros_ws/install/joy_display/share/joy_display/package.ps1'
[4.998s] INFO:colcon.colcon_core.shell:Creating package descriptor '/home/user/RoDEP/room_serching/labroom-searching/ros_ws/install/joy_display/share/joy_display/package.dsv'
[4.999s] INFO:colcon.colcon_core.shell:Creating package script '/home/user/RoDEP/room_serching/labroom-searching/ros_ws/install/joy_display/share/joy_display/package.sh'
[5.000s] INFO:colcon.colcon_core.shell:Creating package script '/home/user/RoDEP/room_serching/labroom-searching/ros_ws/install/joy_display/share/joy_display/package.bash'
[5.001s] INFO:colcon.colcon_core.shell:Creating package script '/home/user/RoDEP/room_serching/labroom-searching/ros_ws/install/joy_display/share/joy_display/package.zsh'
[5.003s] Level 1:colcon.colcon_core.environment:create_file_with_runtime_dependencies(/home/user/RoDEP/room_serching/labroom-searching/ros_ws/install/joy_display/share/colcon-core/packages/joy_display)
[5.004s] Level 1:colcon.colcon_core.environment:create_environment_scripts_only(joy_display)
[5.004s] Level 1:colcon.colcon_core.environment:checking '/home/user/RoDEP/room_serching/labroom-searching/ros_ws/install/joy_display' for CMake module files
[5.005s] Level 1:colcon.colcon_core.environment:checking '/home/user/RoDEP/room_serching/labroom-searching/ros_ws/install/joy_display' for CMake config files
[5.005s] Level 1:colcon.colcon_core.shell:create_environment_hook('joy_display', 'cmake_prefix_path')
[5.005s] INFO:colcon.colcon_core.shell:Creating environment hook '/home/user/RoDEP/room_serching/labroom-searching/ros_ws/install/joy_display/share/joy_display/hook/cmake_prefix_path.ps1'
[5.006s] INFO:colcon.colcon_core.shell:Creating environment descriptor '/home/user/RoDEP/room_serching/labroom-searching/ros_ws/install/joy_display/share/joy_display/hook/cmake_prefix_path.dsv'
[5.006s] INFO:colcon.colcon_core.shell:Creating environment hook '/home/user/RoDEP/room_serching/labroom-searching/ros_ws/install/joy_display/share/joy_display/hook/cmake_prefix_path.sh'
[5.007s] Level 1:colcon.colcon_core.environment:checking '/home/user/RoDEP/room_serching/labroom-searching/ros_ws/install/joy_display/bin'
[5.007s] Level 1:colcon.colcon_core.environment:checking '/home/user/RoDEP/room_serching/labroom-searching/ros_ws/install/joy_display/lib/pkgconfig/joy_display.pc'
[5.007s] Level 1:colcon.colcon_core.environment:checking '/home/user/RoDEP/room_serching/labroom-searching/ros_ws/install/joy_display/lib/python3.12/site-packages'
[5.007s] Level 1:colcon.colcon_core.environment:checking '/home/user/RoDEP/room_serching/labroom-searching/ros_ws/install/joy_display/bin'
[5.008s] INFO:colcon.colcon_core.shell:Creating package script '/home/user/RoDEP/room_serching/labroom-searching/ros_ws/install/joy_display/share/joy_display/package.ps1'
[5.008s] INFO:colcon.colcon_core.shell:Creating package descriptor '/home/user/RoDEP/room_serching/labroom-searching/ros_ws/install/joy_display/share/joy_display/package.dsv'
[5.009s] INFO:colcon.colcon_core.shell:Creating package script '/home/user/RoDEP/room_serching/labroom-searching/ros_ws/install/joy_display/share/joy_display/package.sh'
[5.009s] INFO:colcon.colcon_core.shell:Creating package script '/home/user/RoDEP/room_serching/labroom-searching/ros_ws/install/joy_display/share/joy_display/package.bash'
[5.009s] INFO:colcon.colcon_core.shell:Creating package script '/home/user/RoDEP/room_serching/labroom-searching/ros_ws/install/joy_display/share/joy_display/package.zsh'
[5.010s] Level 1:colcon.colcon_core.environment:create_file_with_runtime_dependencies(/home/user/RoDEP/room_serching/labroom-searching/ros_ws/install/joy_display/share/colcon-core/packages/joy_display)
[5.010s] DEBUG:colcon.colcon_parallel_executor.executor.parallel:closing loop
[5.011s] DEBUG:colcon.colcon_parallel_executor.executor.parallel:loop closed
[5.011s] DEBUG:colcon.colcon_parallel_executor.executor.parallel:run_until_complete finished with '0'
[5.012s] DEBUG:colcon.colcon_core.event_reactor:joining thread
[5.033s] INFO:colcon.colcon_core.plugin_system:Skipping extension 'colcon_notification.desktop_notification.terminal_notifier': Not used on non-Darwin systems
[5.033s] INFO:colcon.colcon_core.plugin_system:Skipping extension 'colcon_notification.desktop_notification.win32': Not used on non-Windows systems
[5.033s] INFO:colcon.colcon_notification.desktop_notification:Sending desktop notification using 'notify2'
[5.039s] DEBUG:colcon.colcon_notification.desktop_notification.notify2:Failed to initialize notify2: org.freedesktop.DBus.Error.ServiceUnknown: The name org.freedesktop.Notifications was not provided by any .service files
[5.040s] DEBUG:colcon.colcon_core.event_reactor:joined thread
[5.040s] INFO:colcon.colcon_core.shell:Creating prefix script '/home/user/RoDEP/room_serching/labroom-searching/ros_ws/install/local_setup.ps1'
[5.041s] INFO:colcon.colcon_core.shell:Creating prefix util module '/home/user/RoDEP/room_serching/labroom-searching/ros_ws/install/_local_setup_util_ps1.py'
[5.042s] INFO:colcon.colcon_core.shell:Creating prefix chain script '/home/user/RoDEP/room_serching/labroom-searching/ros_ws/install/setup.ps1'
[5.044s] INFO:colcon.colcon_core.shell:Creating prefix script '/home/user/RoDEP/room_serching/labroom-searching/ros_ws/install/local_setup.sh'
[5.045s] INFO:colcon.colcon_core.shell:Creating prefix util module '/home/user/RoDEP/room_serching/labroom-searching/ros_ws/install/_local_setup_util_sh.py'
[5.045s] INFO:colcon.colcon_core.shell:Creating prefix chain script '/home/user/RoDEP/room_serching/labroom-searching/ros_ws/install/setup.sh'
[5.049s] INFO:colcon.colcon_core.shell:Creating prefix script '/home/user/RoDEP/room_serching/labroom-searching/ros_ws/install/local_setup.bash'
[5.051s] INFO:colcon.colcon_core.shell:Creating prefix chain script '/home/user/RoDEP/room_serching/labroom-searching/ros_ws/install/setup.bash'
[5.052s] INFO:colcon.colcon_core.shell:Creating prefix script '/home/user/RoDEP/room_serching/labroom-searching/ros_ws/install/local_setup.zsh'
[5.053s] INFO:colcon.colcon_core.shell:Creating prefix chain script '/home/user/RoDEP/room_serching/labroom-searching/ros_ws/install/setup.zsh'
